# JRE version: OpenJDK Runtime Environment (17.0.11) (build 17.0.11+0--11852314)
# Java VM: OpenJDK 64-Bit Server VM (17.0.11+0--11852314, mixed mode, tiered, compressed oops, compressed class ptrs, g1 gc, windows-amd64)
GC Precious Log:
 CPUs: 4 total, 4 available
 Memory: 4009M
 Large Page Support: Disabled
 NUMA Support: Disabled
 Compressed Oops: Enabled (32-bit)
 Heap Region Size: 1M
 Heap Min Capacity: 8M
 Heap Initial Capacity: 64M
 Heap Max Capacity: 2G
 Pre-touch: Disabled
 Parallel Workers: 4
 Concurrent Workers: 1
 Concurrent Refinement Workers: 4
 Periodic GC: Disabled
Heap:
 garbage-first heap   total 235520K, used 132686K [0x0000000080000000, 0x0000000100000000)
  region size 1024K, 4 young (4096K), 4 survivors (4096K)
 Metaspace       used 111941K, committed 112768K, reserved 1179648K
  class space    used 14907K, committed 15296K, reserved 1048576K
GC Heap History (20 events):
Event: 40.923 GC heap after
{Heap after GC invocations=42 (full 0):
 garbage-first heap   total 212992K, used 95903K [0x0000000080000000, 0x0000000100000000)
  region size 1024K, 6 young (6144K), 6 survivors (6144K)
 Metaspace       used 81344K, committed 82176K, reserved 1179648K
  class space    used 11397K, committed 11776K, reserved 1048576K
}
Event: 40.972 GC heap before
{Heap before GC invocations=42 (full 0):
 garbage-first heap   total 212992K, used 99999K [0x0000000080000000, 0x0000000100000000)
  region size 1024K, 10 young (10240K), 6 survivors (6144K)
 Metaspace       used 81344K, committed 82176K, reserved 1179648K
  class space    used 11397K, committed 11776K, reserved 1048576K
}
Event: 41.025 GC heap after
{Heap after GC invocations=43 (full 0):
 garbage-first heap   total 212992K, used 96724K [0x0000000080000000, 0x0000000100000000)
  region size 1024K, 2 young (2048K), 2 survivors (2048K)
 Metaspace       used 81344K, committed 82176K, reserved 1179648K
  class space    used 11397K, committed 11776K, reserved 1048576K
}
Event: 43.137 GC heap before
{Heap before GC invocations=43 (full 0):
 garbage-first heap   total 212992K, used 177620K [0x0000000080000000, 0x0000000100000000)
  region size 1024K, 77 young (78848K), 2 survivors (2048K)
 Metaspace       used 84122K, committed 84928K, reserved 1179648K
  class space    used 11729K, committed 12096K, reserved 1048576K
}
Event: 43.202 GC heap after
{Heap after GC invocations=44 (full 0):
 garbage-first heap   total 212992K, used 106909K [0x0000000080000000, 0x0000000100000000)
  region size 1024K, 10 young (10240K), 10 survivors (10240K)
 Metaspace       used 84122K, committed 84928K, reserved 1179648K
  class space    used 11729K, committed 12096K, reserved 1048576K
}
Event: 43.683 GC heap before
{Heap before GC invocations=44 (full 0):
 garbage-first heap   total 212992K, used 119197K [0x0000000080000000, 0x0000000100000000)
  region size 1024K, 23 young (23552K), 10 survivors (10240K)
 Metaspace       used 85749K, committed 86592K, reserved 1179648K
  class space    used 11909K, committed 12288K, reserved 1048576K
}
Event: 43.710 GC heap after
{Heap after GC invocations=45 (full 0):
 garbage-first heap   total 212992K, used 109327K [0x0000000080000000, 0x0000000100000000)
  region size 1024K, 2 young (2048K), 2 survivors (2048K)
 Metaspace       used 85749K, committed 86592K, reserved 1179648K
  class space    used 11909K, committed 12288K, reserved 1048576K
}
Event: 45.355 GC heap before
{Heap before GC invocations=46 (full 0):
 garbage-first heap   total 219136K, used 182031K [0x0000000080000000, 0x0000000100000000)
  region size 1024K, 63 young (64512K), 2 survivors (2048K)
 Metaspace       used 92014K, committed 92800K, reserved 1179648K
  class space    used 12503K, committed 12864K, reserved 1048576K
}
Event: 45.367 GC heap after
{Heap after GC invocations=47 (full 0):
 garbage-first heap   total 219136K, used 124164K [0x0000000080000000, 0x0000000100000000)
  region size 1024K, 8 young (8192K), 8 survivors (8192K)
 Metaspace       used 92014K, committed 92800K, reserved 1179648K
  class space    used 12503K, committed 12864K, reserved 1048576K
}
Event: 45.400 GC heap before
{Heap before GC invocations=47 (full 0):
 garbage-first heap   total 219136K, used 126212K [0x0000000080000000, 0x0000000100000000)
  region size 1024K, 10 young (10240K), 8 survivors (8192K)
 Metaspace       used 92210K, committed 92992K, reserved 1179648K
  class space    used 12536K, committed 12928K, reserved 1048576K
}
Event: 45.417 GC heap after
{Heap after GC invocations=48 (full 0):
 garbage-first heap   total 219136K, used 123904K [0x0000000080000000, 0x0000000100000000)
  region size 1024K, 1 young (1024K), 1 survivors (1024K)
 Metaspace       used 92210K, committed 92992K, reserved 1179648K
  class space    used 12536K, committed 12928K, reserved 1048576K
}
Event: 47.903 GC heap before
{Heap before GC invocations=48 (full 0):
 garbage-first heap   total 219136K, used 180224K [0x0000000080000000, 0x0000000100000000)
  region size 1024K, 56 young (57344K), 1 survivors (1024K)
 Metaspace       used 98977K, committed 99840K, reserved 1179648K
  class space    used 13347K, committed 13760K, reserved 1048576K
}
Event: 47.913 GC heap after
{Heap after GC invocations=49 (full 0):
 garbage-first heap   total 219136K, used 125495K [0x0000000080000000, 0x0000000100000000)
  region size 1024K, 3 young (3072K), 3 survivors (3072K)
 Metaspace       used 98977K, committed 99840K, reserved 1179648K
  class space    used 13347K, committed 13760K, reserved 1048576K
}
Event: 50.771 GC heap before
{Heap before GC invocations=49 (full 0):
 garbage-first heap   total 219136K, used 153143K [0x0000000080000000, 0x0000000100000000)
  region size 1024K, 31 young (31744K), 3 survivors (3072K)
 Metaspace       used 102217K, committed 103040K, reserved 1179648K
  class space    used 13777K, committed 14144K, reserved 1048576K
}
Event: 50.784 GC heap after
{Heap after GC invocations=50 (full 0):
 garbage-first heap   total 219136K, used 127382K [0x0000000080000000, 0x0000000100000000)
  region size 1024K, 5 young (5120K), 5 survivors (5120K)
 Metaspace       used 102217K, committed 103040K, reserved 1179648K
  class space    used 13777K, committed 14144K, reserved 1048576K
}
Event: 53.128 GC heap before
{Heap before GC invocations=51 (full 0):
 garbage-first heap   total 235520K, used 183702K [0x0000000080000000, 0x0000000100000000)
  region size 1024K, 59 young (60416K), 5 survivors (5120K)
 Metaspace       used 103828K, committed 104640K, reserved 1179648K
  class space    used 13960K, committed 14336K, reserved 1048576K
}
Event: 53.144 GC heap after
{Heap after GC invocations=52 (full 0):
 garbage-first heap   total 235520K, used 130457K [0x0000000080000000, 0x0000000100000000)
  region size 1024K, 5 young (5120K), 5 survivors (5120K)
 Metaspace       used 103828K, committed 104640K, reserved 1179648K
  class space    used 13960K, committed 14336K, reserved 1048576K
}
Event: 53.386 GC heap before
{Heap before GC invocations=52 (full 0):
 garbage-first heap   total 235520K, used 135577K [0x0000000080000000, 0x0000000100000000)
  region size 1024K, 11 young (11264K), 5 survivors (5120K)
 Metaspace       used 104589K, committed 105344K, reserved 1179648K
  class space    used 14044K, committed 14400K, reserved 1048576K
}
Event: 53.407 GC heap after
{Heap after GC invocations=53 (full 0):
 garbage-first heap   total 235520K, used 129785K [0x0000000080000000, 0x0000000100000000)
  region size 1024K, 1 young (1024K), 1 survivors (1024K)
 Metaspace       used 104589K, committed 105344K, reserved 1179648K
  class space    used 14044K, committed 14400K, reserved 1048576K
}
Event: 54.753 GC heap before
{Heap before GC invocations=53 (full 0):
 garbage-first heap   total 235520K, used 194297K [0x0000000080000000, 0x0000000100000000)
  region size 1024K, 65 young (66560K), 1 survivors (1024K)
 Metaspace       used 111941K, committed 112768K, reserved 1179648K
  class space    used 14907K, committed 15296K, reserved 1048576K
}

