# JRE version: OpenJDK Runtime Environment (17.0.11) (build 17.0.11+0--11852314)
# Java VM: OpenJDK 64-Bit Server VM (17.0.11+0--11852314, mixed mode, tiered, compressed oops, compressed class ptrs, g1 gc, windows-amd64)
GC Precious Log:
 CPUs: 4 total, 4 available
 Memory: 4009M
 Large Page Support: Disabled
 NUMA Support: Disabled
 Compressed Oops: Enabled (32-bit)
 Heap Region Size: 1M
 Heap Min Capacity: 8M
 Heap Initial Capacity: 64M
 Heap Max Capacity: 2G
 Pre-touch: Disabled
 Parallel Workers: 4
 Concurrent Workers: 1
 Concurrent Refinement Workers: 4
 Periodic GC: Disabled
Heap:
 garbage-first heap   total 184320K, used 125336K [0x0000000080000000, 0x0000000100000000)
  region size 1024K, 5 young (5120K), 5 survivors (5120K)
 Metaspace       used 100836K, committed 101632K, reserved 1179648K
  class space    used 13640K, committed 14016K, reserved 1048576K
GC Heap History (20 events):
Event: 17.939 GC heap after
{Heap after GC invocations=43 (full 0):
 garbage-first heap   total 153600K, used 79516K [0x0000000080000000, 0x0000000100000000)
  region size 1024K, 1 young (1024K), 1 survivors (1024K)
 Metaspace       used 70006K, committed 70656K, reserved 1114112K
  class space    used 9992K, committed 10304K, reserved 1048576K
}
Event: 18.983 GC heap before
{Heap before GC invocations=43 (full 0):
 garbage-first heap   total 153600K, used 122524K [0x0000000080000000, 0x0000000100000000)
  region size 1024K, 43 young (44032K), 1 survivors (1024K)
 Metaspace       used 76050K, committed 76736K, reserved 1179648K
  class space    used 10750K, committed 11072K, reserved 1048576K
}
Event: 18.987 GC heap after
{Heap after GC invocations=44 (full 0):
 garbage-first heap   total 153600K, used 80259K [0x0000000080000000, 0x0000000100000000)
  region size 1024K, 2 young (2048K), 2 survivors (2048K)
 Metaspace       used 76050K, committed 76736K, reserved 1179648K
  class space    used 10750K, committed 11072K, reserved 1048576K
}
Event: 19.720 GC heap before
{Heap before GC invocations=45 (full 0):
 garbage-first heap   total 153600K, used 132483K [0x0000000080000000, 0x0000000100000000)
  region size 1024K, 46 young (47104K), 2 survivors (2048K)
 Metaspace       used 79873K, committed 80640K, reserved 1179648K
  class space    used 11260K, committed 11648K, reserved 1048576K
}
Event: 19.732 GC heap after
{Heap after GC invocations=46 (full 0):
 garbage-first heap   total 153600K, used 93371K [0x0000000080000000, 0x0000000100000000)
  region size 1024K, 6 young (6144K), 6 survivors (6144K)
 Metaspace       used 79873K, committed 80640K, reserved 1179648K
  class space    used 11260K, committed 11648K, reserved 1048576K
}
Event: 19.737 GC heap before
{Heap before GC invocations=46 (full 0):
 garbage-first heap   total 153600K, used 94395K [0x0000000080000000, 0x0000000100000000)
  region size 1024K, 7 young (7168K), 6 survivors (6144K)
 Metaspace       used 79873K, committed 80640K, reserved 1179648K
  class space    used 11260K, committed 11648K, reserved 1048576K
}
Event: 19.750 GC heap after
{Heap after GC invocations=47 (full 0):
 garbage-first heap   total 184320K, used 93495K [0x0000000080000000, 0x0000000100000000)
  region size 1024K, 1 young (1024K), 1 survivors (1024K)
 Metaspace       used 79873K, committed 80640K, reserved 1179648K
  class space    used 11260K, committed 11648K, reserved 1048576K
}
Event: 20.460 GC heap before
{Heap before GC invocations=47 (full 0):
 garbage-first heap   total 184320K, used 154935K [0x0000000080000000, 0x0000000100000000)
  region size 1024K, 57 young (58368K), 1 survivors (1024K)
 Metaspace       used 80444K, committed 81216K, reserved 1179648K
  class space    used 11309K, committed 11648K, reserved 1048576K
}
Event: 20.502 GC heap after
{Heap after GC invocations=48 (full 0):
 garbage-first heap   total 184320K, used 102302K [0x0000000080000000, 0x0000000100000000)
  region size 1024K, 8 young (8192K), 8 survivors (8192K)
 Metaspace       used 80444K, committed 81216K, reserved 1179648K
  class space    used 11309K, committed 11648K, reserved 1048576K
}
Event: 21.457 GC heap before
{Heap before GC invocations=49 (full 0):
 garbage-first heap   total 184320K, used 157598K [0x0000000080000000, 0x0000000100000000)
  region size 1024K, 51 young (52224K), 8 survivors (8192K)
 Metaspace       used 85051K, committed 85824K, reserved 1179648K
  class space    used 11858K, committed 12224K, reserved 1048576K
}
Event: 21.475 GC heap after
{Heap after GC invocations=50 (full 0):
 garbage-first heap   total 184320K, used 117753K [0x0000000080000000, 0x0000000100000000)
  region size 1024K, 5 young (5120K), 5 survivors (5120K)
 Metaspace       used 85051K, committed 85824K, reserved 1179648K
  class space    used 11858K, committed 12224K, reserved 1048576K
}
Event: 21.553 GC heap before
{Heap before GC invocations=50 (full 0):
 garbage-first heap   total 184320K, used 121849K [0x0000000080000000, 0x0000000100000000)
  region size 1024K, 9 young (9216K), 5 survivors (5120K)
 Metaspace       used 85462K, committed 86272K, reserved 1179648K
  class space    used 11900K, committed 12288K, reserved 1048576K
}
Event: 21.560 GC heap after
{Heap after GC invocations=51 (full 0):
 garbage-first heap   total 184320K, used 118784K [0x0000000080000000, 0x0000000100000000)
  region size 1024K, 1 young (1024K), 1 survivors (1024K)
 Metaspace       used 85462K, committed 86272K, reserved 1179648K
  class space    used 11900K, committed 12288K, reserved 1048576K
}
Event: 22.300 GC heap before
{Heap before GC invocations=51 (full 0):
 garbage-first heap   total 184320K, used 151552K [0x0000000080000000, 0x0000000100000000)
  region size 1024K, 33 young (33792K), 1 survivors (1024K)
 Metaspace       used 89267K, committed 90048K, reserved 1179648K
  class space    used 12234K, committed 12608K, reserved 1048576K
}
Event: 22.305 GC heap after
{Heap after GC invocations=52 (full 0):
 garbage-first heap   total 184320K, used 120403K [0x0000000080000000, 0x0000000100000000)
  region size 1024K, 3 young (3072K), 3 survivors (3072K)
 Metaspace       used 89267K, committed 90048K, reserved 1179648K
  class space    used 12234K, committed 12608K, reserved 1048576K
}
Event: 23.124 GC heap before
{Heap before GC invocations=52 (full 0):
 garbage-first heap   total 184320K, used 153171K [0x0000000080000000, 0x0000000100000000)
  region size 1024K, 35 young (35840K), 3 survivors (3072K)
 Metaspace       used 93122K, committed 93888K, reserved 1179648K
  class space    used 12686K, committed 13056K, reserved 1048576K
}
Event: 23.131 GC heap after
{Heap after GC invocations=53 (full 0):
 garbage-first heap   total 184320K, used 121543K [0x0000000080000000, 0x0000000100000000)
  region size 1024K, 4 young (4096K), 4 survivors (4096K)
 Metaspace       used 93122K, committed 93888K, reserved 1179648K
  class space    used 12686K, committed 13056K, reserved 1048576K
}
Event: 23.729 GC heap before
{Heap before GC invocations=53 (full 0):
 garbage-first heap   total 184320K, used 155335K [0x0000000080000000, 0x0000000100000000)
  region size 1024K, 37 young (37888K), 4 survivors (4096K)
 Metaspace       used 97226K, committed 97984K, reserved 1179648K
  class space    used 13162K, committed 13504K, reserved 1048576K
}
Event: 23.739 GC heap after
{Heap after GC invocations=54 (full 0):
 garbage-first heap   total 184320K, used 123060K [0x0000000080000000, 0x0000000100000000)
  region size 1024K, 3 young (3072K), 3 survivors (3072K)
 Metaspace       used 97226K, committed 97984K, reserved 1179648K
  class space    used 13162K, committed 13504K, reserved 1048576K
}
Event: 24.597 GC heap before
{Heap before GC invocations=54 (full 0):
 garbage-first heap   total 184320K, used 156852K [0x0000000080000000, 0x0000000100000000)
  region size 1024K, 35 young (35840K), 3 survivors (3072K)
 Metaspace       used 100836K, committed 101632K, reserved 1179648K
  class space    used 13640K, committed 14016K, reserved 1048576K
}

