# JRE version: OpenJDK Runtime Environment (17.0.11) (build 17.0.11+0--11852314)
# Java VM: OpenJDK 64-Bit Server VM (17.0.11+0--11852314, mixed mode, tiered, compressed oops, compressed class ptrs, g1 gc, windows-amd64)
GC Precious Log:
 CPUs: 4 total, 4 available
 Memory: 4009M
 Large Page Support: Disabled
 NUMA Support: Disabled
 Compressed Oops: Enabled (32-bit)
 Heap Region Size: 1M
 Heap Min Capacity: 8M
 Heap Initial Capacity: 64M
 Heap Max Capacity: 2G
 Pre-touch: Disabled
 Parallel Workers: 4
 Concurrent Workers: 1
 Concurrent Refinement Workers: 4
 Periodic GC: Disabled
Heap:
 garbage-first heap   total 168960K, used 90317K [0x0000000080000000, 0x0000000100000000)
  region size 1024K, 3 young (3072K), 3 survivors (3072K)
 Metaspace       used 92982K, committed 93632K, reserved 1179648K
  class space    used 12933K, committed 13248K, reserved 1048576K
GC Heap History (20 events):
Event: 23.610 GC heap after
{Heap after GC invocations=29 (full 0):
 garbage-first heap   total 168960K, used 53875K [0x0000000080000000, 0x0000000100000000)
  region size 1024K, 1 young (1024K), 1 survivors (1024K)
 Metaspace       used 58304K, committed 58880K, reserved 1114112K
  class space    used 7991K, committed 8256K, reserved 1048576K
}
Event: 25.024 GC heap before
{Heap before GC invocations=29 (full 0):
 garbage-first heap   total 168960K, used 117363K [0x0000000080000000, 0x0000000100000000)
  region size 1024K, 62 young (63488K), 1 survivors (1024K)
 Metaspace       used 64181K, committed 64704K, reserved 1114112K
  class space    used 8712K, committed 8960K, reserved 1048576K
}
Event: 25.033 GC heap after
{Heap after GC invocations=30 (full 0):
 garbage-first heap   total 168960K, used 56555K [0x0000000080000000, 0x0000000100000000)
  region size 1024K, 3 young (3072K), 3 survivors (3072K)
 Metaspace       used 64181K, committed 64704K, reserved 1114112K
  class space    used 8712K, committed 8960K, reserved 1048576K
}
Event: 25.877 GC heap before
{Heap before GC invocations=30 (full 0):
 garbage-first heap   total 168960K, used 76011K [0x0000000080000000, 0x0000000100000000)
  region size 1024K, 23 young (23552K), 3 survivors (3072K)
 Metaspace       used 67011K, committed 67584K, reserved 1114112K
  class space    used 9100K, committed 9408K, reserved 1048576K
}
Event: 25.886 GC heap after
{Heap after GC invocations=31 (full 0):
 garbage-first heap   total 168960K, used 58727K [0x0000000080000000, 0x0000000100000000)
  region size 1024K, 5 young (5120K), 5 survivors (5120K)
 Metaspace       used 67011K, committed 67584K, reserved 1114112K
  class space    used 9100K, committed 9408K, reserved 1048576K
}
Event: 27.501 GC heap before
{Heap before GC invocations=32 (full 0):
 garbage-first heap   total 168960K, used 135527K [0x0000000080000000, 0x0000000100000000)
  region size 1024K, 75 young (76800K), 5 survivors (5120K)
 Metaspace       used 71573K, committed 72128K, reserved 1114112K
  class space    used 9731K, committed 9984K, reserved 1048576K
}
Event: 27.515 GC heap after
{Heap after GC invocations=33 (full 0):
 garbage-first heap   total 168960K, used 64320K [0x0000000080000000, 0x0000000100000000)
  region size 1024K, 9 young (9216K), 9 survivors (9216K)
 Metaspace       used 71573K, committed 72128K, reserved 1114112K
  class space    used 9731K, committed 9984K, reserved 1048576K
}
Event: 27.532 GC heap before
{Heap before GC invocations=33 (full 0):
 garbage-first heap   total 168960K, used 65344K [0x0000000080000000, 0x0000000100000000)
  region size 1024K, 10 young (10240K), 9 survivors (9216K)
 Metaspace       used 71691K, committed 72320K, reserved 1114112K
  class space    used 9750K, committed 10048K, reserved 1048576K
}
Event: 27.544 GC heap after
{Heap after GC invocations=34 (full 0):
 garbage-first heap   total 168960K, used 64393K [0x0000000080000000, 0x0000000100000000)
  region size 1024K, 1 young (1024K), 1 survivors (1024K)
 Metaspace       used 71691K, committed 72320K, reserved 1114112K
  class space    used 9750K, committed 10048K, reserved 1048576K
}
Event: 28.863 GC heap before
{Heap before GC invocations=34 (full 0):
 garbage-first heap   total 168960K, used 133001K [0x0000000080000000, 0x0000000100000000)
  region size 1024K, 68 young (69632K), 1 survivors (1024K)
 Metaspace       used 78981K, committed 79616K, reserved 1179648K
  class space    used 10698K, committed 11008K, reserved 1048576K
}
Event: 28.876 GC heap after
{Heap after GC invocations=35 (full 0):
 garbage-first heap   total 168960K, used 67976K [0x0000000080000000, 0x0000000100000000)
  region size 1024K, 5 young (5120K), 5 survivors (5120K)
 Metaspace       used 78981K, committed 79616K, reserved 1179648K
  class space    used 10698K, committed 11008K, reserved 1048576K
}
Event: 30.197 GC heap before
{Heap before GC invocations=35 (full 0):
 garbage-first heap   total 168960K, used 124296K [0x0000000080000000, 0x0000000100000000)
  region size 1024K, 61 young (62464K), 5 survivors (5120K)
 Metaspace       used 88529K, committed 89216K, reserved 1179648K
  class space    used 12409K, committed 12736K, reserved 1048576K
}
Event: 30.208 GC heap after
{Heap after GC invocations=36 (full 0):
 garbage-first heap   total 168960K, used 69702K [0x0000000080000000, 0x0000000100000000)
  region size 1024K, 7 young (7168K), 7 survivors (7168K)
 Metaspace       used 88529K, committed 89216K, reserved 1179648K
  class space    used 12409K, committed 12736K, reserved 1048576K
}
Event: 30.248 GC heap before
{Heap before GC invocations=36 (full 0):
 garbage-first heap   total 168960K, used 75846K [0x0000000080000000, 0x0000000100000000)
  region size 1024K, 8 young (8192K), 7 survivors (7168K)
 Metaspace       used 88529K, committed 89216K, reserved 1179648K
  class space    used 12409K, committed 12736K, reserved 1048576K
}
Event: 30.258 GC heap after
{Heap after GC invocations=37 (full 0):
 garbage-first heap   total 168960K, used 75859K [0x0000000080000000, 0x0000000100000000)
  region size 1024K, 2 young (2048K), 2 survivors (2048K)
 Metaspace       used 88529K, committed 89216K, reserved 1179648K
  class space    used 12409K, committed 12736K, reserved 1048576K
}
Event: 30.780 GC heap before
{Heap before GC invocations=38 (full 0):
 garbage-first heap   total 168960K, used 141395K [0x0000000080000000, 0x0000000100000000)
  region size 1024K, 65 young (66560K), 2 survivors (2048K)
 Metaspace       used 88863K, committed 89536K, reserved 1179648K
  class space    used 12421K, committed 12736K, reserved 1048576K
}
Event: 30.815 GC heap after
{Heap after GC invocations=39 (full 0):
 garbage-first heap   total 168960K, used 87710K [0x0000000080000000, 0x0000000100000000)
  region size 1024K, 9 young (9216K), 9 survivors (9216K)
 Metaspace       used 88863K, committed 89536K, reserved 1179648K
  class space    used 12421K, committed 12736K, reserved 1048576K
}
Event: 30.835 GC heap before
{Heap before GC invocations=39 (full 0):
 garbage-first heap   total 168960K, used 88734K [0x0000000080000000, 0x0000000100000000)
  region size 1024K, 10 young (10240K), 9 survivors (9216K)
 Metaspace       used 88863K, committed 89536K, reserved 1179648K
  class space    used 12421K, committed 12736K, reserved 1048576K
}
Event: 30.861 GC heap after
{Heap after GC invocations=40 (full 0):
 garbage-first heap   total 168960K, used 88497K [0x0000000080000000, 0x0000000100000000)
  region size 1024K, 1 young (1024K), 1 survivors (1024K)
 Metaspace       used 88863K, committed 89536K, reserved 1179648K
  class space    used 12421K, committed 12736K, reserved 1048576K
}
Event: 31.683 GC heap before
{Heap before GC invocations=40 (full 0):
 garbage-first heap   total 168960K, used 126385K [0x0000000080000000, 0x0000000100000000)
  region size 1024K, 39 young (39936K), 1 survivors (1024K)
 Metaspace       used 92982K, committed 93632K, reserved 1179648K
  class space    used 12933K, committed 13248K, reserved 1048576K
}

