# JRE version: OpenJDK Runtime Environment (17.0.11) (build 17.0.11+0--11852314)
# Java VM: OpenJDK 64-Bit Server VM (17.0.11+0--11852314, mixed mode, tiered, compressed oops, compressed class ptrs, g1 gc, windows-amd64)
GC Precious Log:
 CPUs: 4 total, 4 available
 Memory: 4009M
 Large Page Support: Disabled
 NUMA Support: Disabled
 Compressed Oops: Enabled (32-bit)
 Heap Region Size: 1M
 Heap Min Capacity: 8M
 Heap Initial Capacity: 64M
 Heap Max Capacity: 2G
 Pre-touch: Disabled
 Parallel Workers: 4
 Concurrent Workers: 1
 Concurrent Refinement Workers: 4
 Periodic GC: Disabled
Heap:
 garbage-first heap   total 184320K, used 100070K [0x0000000080000000, 0x0000000100000000)
  region size 1024K, 2 young (2048K), 2 survivors (2048K)
 Metaspace       used 80034K, committed 80832K, reserved 1179648K
  class space    used 11272K, committed 11648K, reserved 1048576K
GC Heap History (20 events):
Event: 16.010 GC heap after
{Heap after GC invocations=32 (full 0):
 garbage-first heap   total 124928K, used 72827K [0x0000000080000000, 0x0000000100000000)
  region size 1024K, 4 young (4096K), 4 survivors (4096K)
 Metaspace       used 61121K, committed 61760K, reserved 1114112K
  class space    used 8410K, committed 8704K, reserved 1048576K
}
Event: 17.393 GC heap before
{Heap before GC invocations=33 (full 0):
 garbage-first heap   total 128000K, used 99451K [0x0000000080000000, 0x0000000100000000)
  region size 1024K, 31 young (31744K), 4 survivors (4096K)
 Metaspace       used 61927K, committed 62592K, reserved 1114112K
  class space    used 8478K, committed 8768K, reserved 1048576K
}
Event: 17.408 GC heap after
{Heap after GC invocations=34 (full 0):
 garbage-first heap   total 128000K, used 76855K [0x0000000080000000, 0x0000000100000000)
  region size 1024K, 4 young (4096K), 4 survivors (4096K)
 Metaspace       used 61927K, committed 62592K, reserved 1114112K
  class space    used 8478K, committed 8768K, reserved 1048576K
}
Event: 17.988 GC heap before
{Heap before GC invocations=34 (full 0):
 garbage-first heap   total 128000K, used 101431K [0x0000000080000000, 0x0000000100000000)
  region size 1024K, 29 young (29696K), 4 survivors (4096K)
 Metaspace       used 63532K, committed 64128K, reserved 1114112K
  class space    used 8672K, committed 8960K, reserved 1048576K
}
Event: 18.000 GC heap after
{Heap after GC invocations=35 (full 0):
 garbage-first heap   total 153600K, used 79289K [0x0000000080000000, 0x0000000100000000)
  region size 1024K, 4 young (4096K), 4 survivors (4096K)
 Metaspace       used 63532K, committed 64128K, reserved 1114112K
  class space    used 8672K, committed 8960K, reserved 1048576K
}
Event: 19.321 GC heap before
{Heap before GC invocations=36 (full 0):
 garbage-first heap   total 153600K, used 121273K [0x0000000080000000, 0x0000000100000000)
  region size 1024K, 45 young (46080K), 4 survivors (4096K)
 Metaspace       used 69444K, committed 70080K, reserved 1114112K
  class space    used 9935K, committed 10240K, reserved 1048576K
}
Event: 19.332 GC heap after
{Heap after GC invocations=37 (full 0):
 garbage-first heap   total 153600K, used 80048K [0x0000000080000000, 0x0000000100000000)
  region size 1024K, 4 young (4096K), 4 survivors (4096K)
 Metaspace       used 69444K, committed 70080K, reserved 1114112K
  class space    used 9935K, committed 10240K, reserved 1048576K
}
Event: 19.414 GC heap before
{Heap before GC invocations=37 (full 0):
 garbage-first heap   total 153600K, used 83120K [0x0000000080000000, 0x0000000100000000)
  region size 1024K, 7 young (7168K), 4 survivors (4096K)
 Metaspace       used 69821K, committed 70464K, reserved 1114112K
  class space    used 9982K, committed 10304K, reserved 1048576K
}
Event: 19.423 GC heap after
{Heap after GC invocations=38 (full 0):
 garbage-first heap   total 153600K, used 79829K [0x0000000080000000, 0x0000000100000000)
  region size 1024K, 1 young (1024K), 1 survivors (1024K)
 Metaspace       used 69821K, committed 70464K, reserved 1114112K
  class space    used 9982K, committed 10304K, reserved 1048576K
}
Event: 20.553 GC heap before
{Heap before GC invocations=38 (full 0):
 garbage-first heap   total 153600K, used 125909K [0x0000000080000000, 0x0000000100000000)
  region size 1024K, 46 young (47104K), 1 survivors (1024K)
 Metaspace       used 76322K, committed 76992K, reserved 1179648K
  class space    used 10797K, committed 11136K, reserved 1048576K
}
Event: 20.558 GC heap after
{Heap after GC invocations=39 (full 0):
 garbage-first heap   total 153600K, used 80319K [0x0000000080000000, 0x0000000100000000)
  region size 1024K, 2 young (2048K), 2 survivors (2048K)
 Metaspace       used 76322K, committed 76992K, reserved 1179648K
  class space    used 10797K, committed 11136K, reserved 1048576K
}
Event: 21.313 GC heap before
{Heap before GC invocations=40 (full 0):
 garbage-first heap   total 153600K, used 134591K [0x0000000080000000, 0x0000000100000000)
  region size 1024K, 48 young (49152K), 2 survivors (2048K)
 Metaspace       used 80022K, committed 80832K, reserved 1179648K
  class space    used 11270K, committed 11648K, reserved 1048576K
}
Event: 21.337 GC heap after
{Heap after GC invocations=41 (full 0):
 garbage-first heap   total 153600K, used 95176K [0x0000000080000000, 0x0000000100000000)
  region size 1024K, 6 young (6144K), 6 survivors (6144K)
 Metaspace       used 80022K, committed 80832K, reserved 1179648K
  class space    used 11270K, committed 11648K, reserved 1048576K
}
Event: 21.362 GC heap before
{Heap before GC invocations=41 (full 0):
 garbage-first heap   total 153600K, used 96200K [0x0000000080000000, 0x0000000100000000)
  region size 1024K, 7 young (7168K), 6 survivors (6144K)
 Metaspace       used 80022K, committed 80832K, reserved 1179648K
  class space    used 11270K, committed 11648K, reserved 1048576K
}
Event: 21.381 GC heap after
{Heap after GC invocations=42 (full 0):
 garbage-first heap   total 153600K, used 96033K [0x0000000080000000, 0x0000000100000000)
  region size 1024K, 1 young (1024K), 1 survivors (1024K)
 Metaspace       used 80022K, committed 80832K, reserved 1179648K
  class space    used 11270K, committed 11648K, reserved 1048576K
}
Event: 21.523 GC heap before
{Heap before GC invocations=42 (full 0):
 garbage-first heap   total 153600K, used 105249K [0x0000000080000000, 0x0000000100000000)
  region size 1024K, 11 young (11264K), 1 survivors (1024K)
 Metaspace       used 80030K, committed 80832K, reserved 1179648K
  class space    used 11271K, committed 11648K, reserved 1048576K
}
Event: 21.537 GC heap after
{Heap after GC invocations=43 (full 0):
 garbage-first heap   total 153600K, used 93651K [0x0000000080000000, 0x0000000100000000)
  region size 1024K, 4 young (4096K), 4 survivors (4096K)
 Metaspace       used 80030K, committed 80832K, reserved 1179648K
  class space    used 11271K, committed 11648K, reserved 1048576K
}
Event: 21.813 GC heap before
{Heap before GC invocations=44 (full 0):
 garbage-first heap   total 184320K, used 117203K [0x0000000080000000, 0x0000000100000000)
  region size 1024K, 24 young (24576K), 4 survivors (4096K)
 Metaspace       used 80034K, committed 80832K, reserved 1179648K
  class space    used 11272K, committed 11648K, reserved 1048576K
}
Event: 21.831 GC heap after
{Heap after GC invocations=45 (full 0):
 garbage-first heap   total 184320K, used 98733K [0x0000000080000000, 0x0000000100000000)
  region size 1024K, 3 young (3072K), 3 survivors (3072K)
 Metaspace       used 80034K, committed 80832K, reserved 1179648K
  class space    used 11272K, committed 11648K, reserved 1048576K
}
Event: 21.916 GC heap before
{Heap before GC invocations=45 (full 0):
 garbage-first heap   total 184320K, used 103853K [0x0000000080000000, 0x0000000100000000)
  region size 1024K, 9 young (9216K), 3 survivors (3072K)
 Metaspace       used 80034K, committed 80832K, reserved 1179648K
  class space    used 11272K, committed 11648K, reserved 1048576K
}

