# JRE version: OpenJDK Runtime Environment (17.0.11) (build 17.0.11+0--11852314)
# Java VM: OpenJDK 64-Bit Server VM (17.0.11+0--11852314, mixed mode, tiered, compressed oops, compressed class ptrs, g1 gc, windows-amd64)
GC Precious Log:
 CPUs: 4 total, 4 available
 Memory: 4009M
 Large Page Support: Disabled
 NUMA Support: Disabled
 Compressed Oops: Enabled (32-bit)
 Heap Region Size: 1M
 Heap Min Capacity: 8M
 Heap Initial Capacity: 64M
 Heap Max Capacity: 2G
 Pre-touch: Disabled
 Parallel Workers: 4
 Concurrent Workers: 1
 Concurrent Refinement Workers: 4
 Periodic GC: Disabled
Heap:
 garbage-first heap   total 147456K, used 79872K [0x0000000080000000, 0x0000000100000000)
  region size 1024K, 1 young (1024K), 1 survivors (1024K)
 Metaspace       used 77099K, committed 77760K, reserved 1179648K
  class space    used 10918K, committed 11200K, reserved 1048576K
GC Heap History (20 events):
Event: 12.209 GC heap after
{Heap after GC invocations=29 (full 0):
 garbage-first heap   total 102400K, used 61012K [0x0000000080000000, 0x0000000100000000)
  region size 1024K, 4 young (4096K), 4 survivors (4096K)
 Metaspace       used 50966K, committed 51456K, reserved 1114112K
  class space    used 6894K, committed 7104K, reserved 1048576K
}
Event: 12.530 GC heap before
{Heap before GC invocations=30 (full 0):
 garbage-first heap   total 112640K, used 70228K [0x0000000080000000, 0x0000000100000000)
  region size 1024K, 9 young (9216K), 4 survivors (4096K)
 Metaspace       used 51322K, committed 51776K, reserved 1114112K
  class space    used 6919K, committed 7104K, reserved 1048576K
}
Event: 12.536 GC heap after
{Heap after GC invocations=31 (full 0):
 garbage-first heap   total 112640K, used 67585K [0x0000000080000000, 0x0000000100000000)
  region size 1024K, 2 young (2048K), 2 survivors (2048K)
 Metaspace       used 51322K, committed 51776K, reserved 1114112K
  class space    used 6919K, committed 7104K, reserved 1048576K
}
Event: 12.993 GC heap before
{Heap before GC invocations=32 (full 0):
 garbage-first heap   total 122880K, used 84993K [0x0000000080000000, 0x0000000100000000)
  region size 1024K, 17 young (17408K), 2 survivors (2048K)
 Metaspace       used 53415K, committed 54016K, reserved 1114112K
  class space    used 7133K, committed 7424K, reserved 1048576K
}
Event: 12.998 GC heap after
{Heap after GC invocations=33 (full 0):
 garbage-first heap   total 122880K, used 67561K [0x0000000080000000, 0x0000000100000000)
  region size 1024K, 2 young (2048K), 2 survivors (2048K)
 Metaspace       used 53415K, committed 54016K, reserved 1114112K
  class space    used 7133K, committed 7424K, reserved 1048576K
}
Event: 13.343 GC heap before
{Heap before GC invocations=33 (full 0):
 garbage-first heap   total 122880K, used 89065K [0x0000000080000000, 0x0000000100000000)
  region size 1024K, 23 young (23552K), 2 survivors (2048K)
 Metaspace       used 54268K, committed 54848K, reserved 1114112K
  class space    used 7280K, committed 7552K, reserved 1048576K
}
Event: 13.348 GC heap after
{Heap after GC invocations=34 (full 0):
 garbage-first heap   total 122880K, used 68835K [0x0000000080000000, 0x0000000100000000)
  region size 1024K, 2 young (2048K), 2 survivors (2048K)
 Metaspace       used 54268K, committed 54848K, reserved 1114112K
  class space    used 7280K, committed 7552K, reserved 1048576K
}
Event: 13.961 GC heap before
{Heap before GC invocations=35 (full 0):
 garbage-first heap   total 122880K, used 91363K [0x0000000080000000, 0x0000000100000000)
  region size 1024K, 24 young (24576K), 2 survivors (2048K)
 Metaspace       used 57196K, committed 57792K, reserved 1114112K
  class space    used 7744K, committed 8064K, reserved 1048576K
}
Event: 13.969 GC heap after
{Heap after GC invocations=36 (full 0):
 garbage-first heap   total 147456K, used 70059K [0x0000000080000000, 0x0000000100000000)
  region size 1024K, 2 young (2048K), 2 survivors (2048K)
 Metaspace       used 57196K, committed 57792K, reserved 1114112K
  class space    used 7744K, committed 8064K, reserved 1048576K
}
Event: 15.647 GC heap before
{Heap before GC invocations=36 (full 0):
 garbage-first heap   total 147456K, used 106923K [0x0000000080000000, 0x0000000100000000)
  region size 1024K, 38 young (38912K), 2 survivors (2048K)
 Metaspace       used 60686K, committed 61312K, reserved 1114112K
  class space    used 8336K, committed 8640K, reserved 1048576K
}
Event: 15.665 GC heap after
{Heap after GC invocations=37 (full 0):
 garbage-first heap   total 147456K, used 72585K [0x0000000080000000, 0x0000000100000000)
  region size 1024K, 5 young (5120K), 5 survivors (5120K)
 Metaspace       used 60686K, committed 61312K, reserved 1114112K
  class space    used 8336K, committed 8640K, reserved 1048576K
}
Event: 17.106 GC heap before
{Heap before GC invocations=38 (full 0):
 garbage-first heap   total 147456K, used 109449K [0x0000000080000000, 0x0000000100000000)
  region size 1024K, 42 young (43008K), 5 survivors (5120K)
 Metaspace       used 62018K, committed 62656K, reserved 1114112K
  class space    used 8477K, committed 8768K, reserved 1048576K
}
Event: 17.141 GC heap after
{Heap after GC invocations=39 (full 0):
 garbage-first heap   total 147456K, used 76828K [0x0000000080000000, 0x0000000100000000)
  region size 1024K, 6 young (6144K), 6 survivors (6144K)
 Metaspace       used 62018K, committed 62656K, reserved 1114112K
  class space    used 8477K, committed 8768K, reserved 1048576K
}
Event: 18.153 GC heap before
{Heap before GC invocations=39 (full 0):
 garbage-first heap   total 147456K, used 113692K [0x0000000080000000, 0x0000000100000000)
  region size 1024K, 42 young (43008K), 6 survivors (6144K)
 Metaspace       used 66838K, committed 67456K, reserved 1114112K
  class space    used 9559K, committed 9856K, reserved 1048576K
}
Event: 18.171 GC heap after
{Heap after GC invocations=40 (full 0):
 garbage-first heap   total 147456K, used 78875K [0x0000000080000000, 0x0000000100000000)
  region size 1024K, 3 young (3072K), 3 survivors (3072K)
 Metaspace       used 66838K, committed 67456K, reserved 1114112K
  class space    used 9559K, committed 9856K, reserved 1048576K
}
Event: 18.772 GC heap before
{Heap before GC invocations=41 (full 0):
 garbage-first heap   total 147456K, used 115739K [0x0000000080000000, 0x0000000100000000)
  region size 1024K, 39 young (39936K), 3 survivors (3072K)
 Metaspace       used 71058K, committed 71744K, reserved 1114112K
  class space    used 10168K, committed 10496K, reserved 1048576K
}
Event: 18.781 GC heap after
{Heap after GC invocations=42 (full 0):
 garbage-first heap   total 147456K, used 79616K [0x0000000080000000, 0x0000000100000000)
  region size 1024K, 3 young (3072K), 3 survivors (3072K)
 Metaspace       used 71058K, committed 71744K, reserved 1114112K
  class space    used 10168K, committed 10496K, reserved 1048576K
}
Event: 18.847 GC heap before
{Heap before GC invocations=42 (full 0):
 garbage-first heap   total 147456K, used 82688K [0x0000000080000000, 0x0000000100000000)
  region size 1024K, 7 young (7168K), 3 survivors (3072K)
 Metaspace       used 71583K, committed 72256K, reserved 1114112K
  class space    used 10232K, committed 10560K, reserved 1048576K
}
Event: 18.859 GC heap after
{Heap after GC invocations=43 (full 0):
 garbage-first heap   total 147456K, used 79405K [0x0000000080000000, 0x0000000100000000)
  region size 1024K, 1 young (1024K), 1 survivors (1024K)
 Metaspace       used 71583K, committed 72256K, reserved 1114112K
  class space    used 10232K, committed 10560K, reserved 1048576K
}
Event: 19.628 GC heap before
{Heap before GC invocations=43 (full 0):
 garbage-first heap   total 147456K, used 118317K [0x0000000080000000, 0x0000000100000000)
  region size 1024K, 39 young (39936K), 1 survivors (1024K)
 Metaspace       used 77099K, committed 77760K, reserved 1179648K
  class space    used 10918K, committed 11200K, reserved 1048576K
}

