# JRE version: OpenJDK Runtime Environment (17.0.11) (build 17.0.11+0--11852314)
# Java VM: OpenJDK 64-Bit Server VM (17.0.11+0--11852314, mixed mode, tiered, compressed oops, compressed class ptrs, g1 gc, windows-amd64)
GC Precious Log:
 CPUs: 4 total, 4 available
 Memory: 4009M
 Large Page Support: Disabled
 NUMA Support: Disabled
 Compressed Oops: Enabled (32-bit)
 Heap Region Size: 1M
 Heap Min Capacity: 8M
 Heap Initial Capacity: 64M
 Heap Max Capacity: 2G
 Pre-touch: Disabled
 Parallel Workers: 4
 Concurrent Workers: 1
 Concurrent Refinement Workers: 4
 Periodic GC: Disabled
Heap:
 garbage-first heap   total 266240K, used 187619K [0x0000000080000000, 0x0000000100000000)
  region size 1024K, 37 young (37888K), 6 survivors (6144K)
 Metaspace       used 135550K, committed 136320K, reserved 1179648K
  class space    used 17679K, committed 18048K, reserved 1048576K
GC Heap History (20 events):
Event: 23.516 GC heap before
{Heap before GC invocations=39 (full 0):
 garbage-first heap   total 266240K, used 203228K [0x0000000080000000, 0x0000000100000000)
  region size 1024K, 93 young (95232K), 1 survivors (1024K)
 Metaspace       used 86186K, committed 86912K, reserved 1179648K
  class space    used 11979K, committed 12352K, reserved 1048576K
}
Event: 23.547 GC heap after
{Heap after GC invocations=40 (full 0):
 garbage-first heap   total 266240K, used 117637K [0x0000000080000000, 0x0000000100000000)
  region size 1024K, 12 young (12288K), 12 survivors (12288K)
 Metaspace       used 86186K, committed 86912K, reserved 1179648K
  class space    used 11979K, committed 12352K, reserved 1048576K
}
Event: 25.396 GC heap before
{Heap before GC invocations=40 (full 0):
 garbage-first heap   total 266240K, used 197509K [0x0000000080000000, 0x0000000100000000)
  region size 1024K, 90 young (92160K), 12 survivors (12288K)
 Metaspace       used 95701K, committed 96512K, reserved 1179648K
  class space    used 12991K, committed 13376K, reserved 1048576K
}
Event: 25.423 GC heap after
{Heap after GC invocations=41 (full 0):
 garbage-first heap   total 266240K, used 122396K [0x0000000080000000, 0x0000000100000000)
  region size 1024K, 5 young (5120K), 5 survivors (5120K)
 Metaspace       used 95701K, committed 96512K, reserved 1179648K
  class space    used 12991K, committed 13376K, reserved 1048576K
}
Event: 26.595 GC heap before
{Heap before GC invocations=41 (full 0):
 garbage-first heap   total 266240K, used 205340K [0x0000000080000000, 0x0000000100000000)
  region size 1024K, 85 young (87040K), 5 survivors (5120K)
 Metaspace       used 101137K, committed 101888K, reserved 1179648K
  class space    used 13647K, committed 14016K, reserved 1048576K
}
Event: 26.610 GC heap after
{Heap after GC invocations=42 (full 0):
 garbage-first heap   total 266240K, used 126570K [0x0000000080000000, 0x0000000100000000)
  region size 1024K, 9 young (9216K), 9 survivors (9216K)
 Metaspace       used 101137K, committed 101888K, reserved 1179648K
  class space    used 13647K, committed 14016K, reserved 1048576K
}
Event: 28.425 GC heap before
{Heap before GC invocations=42 (full 0):
 garbage-first heap   total 266240K, used 209514K [0x0000000080000000, 0x0000000100000000)
  region size 1024K, 91 young (93184K), 9 survivors (9216K)
 Metaspace       used 110207K, committed 110976K, reserved 1179648K
  class space    used 14724K, committed 15104K, reserved 1048576K
}
Event: 28.445 GC heap after
{Heap after GC invocations=43 (full 0):
 garbage-first heap   total 266240K, used 131396K [0x0000000080000000, 0x0000000100000000)
  region size 1024K, 10 young (10240K), 10 survivors (10240K)
 Metaspace       used 110207K, committed 110976K, reserved 1179648K
  class space    used 14724K, committed 15104K, reserved 1048576K
}
Event: 30.295 GC heap before
{Heap before GC invocations=43 (full 0):
 garbage-first heap   total 266240K, used 215364K [0x0000000080000000, 0x0000000100000000)
  region size 1024K, 92 young (94208K), 10 survivors (10240K)
 Metaspace       used 121695K, committed 122432K, reserved 1179648K
  class space    used 15876K, committed 16256K, reserved 1048576K
}
Event: 30.318 GC heap after
{Heap after GC invocations=44 (full 0):
 garbage-first heap   total 266240K, used 136664K [0x0000000080000000, 0x0000000100000000)
  region size 1024K, 9 young (9216K), 9 survivors (9216K)
 Metaspace       used 121695K, committed 122432K, reserved 1179648K
  class space    used 15876K, committed 16256K, reserved 1048576K
}
Event: 30.434 GC heap before
{Heap before GC invocations=44 (full 0):
 garbage-first heap   total 266240K, used 140760K [0x0000000080000000, 0x0000000100000000)
  region size 1024K, 14 young (14336K), 9 survivors (9216K)
 Metaspace       used 121989K, committed 122752K, reserved 1179648K
  class space    used 15934K, committed 16320K, reserved 1048576K
}
Event: 30.450 GC heap after
{Heap after GC invocations=45 (full 0):
 garbage-first heap   total 266240K, used 136608K [0x0000000080000000, 0x0000000100000000)
  region size 1024K, 5 young (5120K), 5 survivors (5120K)
 Metaspace       used 121989K, committed 122752K, reserved 1179648K
  class space    used 15934K, committed 16320K, reserved 1048576K
}
Event: 32.515 GC heap before
{Heap before GC invocations=46 (full 0):
 garbage-first heap   total 266240K, used 223648K [0x0000000080000000, 0x0000000100000000)
  region size 1024K, 88 young (90112K), 5 survivors (5120K)
 Metaspace       used 129022K, committed 129856K, reserved 1179648K
  class space    used 16865K, committed 17280K, reserved 1048576K
}
Event: 32.526 GC heap after
{Heap after GC invocations=47 (full 0):
 garbage-first heap   total 266240K, used 142068K [0x0000000080000000, 0x0000000100000000)
  region size 1024K, 8 young (8192K), 8 survivors (8192K)
 Metaspace       used 129022K, committed 129856K, reserved 1179648K
  class space    used 16865K, committed 17280K, reserved 1048576K
}
Event: 32.722 GC heap before
{Heap before GC invocations=47 (full 0):
 garbage-first heap   total 266240K, used 146164K [0x0000000080000000, 0x0000000100000000)
  region size 1024K, 13 young (13312K), 8 survivors (8192K)
 Metaspace       used 130358K, committed 131200K, reserved 1179648K
  class space    used 17012K, committed 17408K, reserved 1048576K
}
Event: 32.752 GC heap after
{Heap after GC invocations=48 (full 0):
 garbage-first heap   total 266240K, used 142870K [0x0000000080000000, 0x0000000100000000)
  region size 1024K, 2 young (2048K), 2 survivors (2048K)
 Metaspace       used 130358K, committed 131200K, reserved 1179648K
  class space    used 17012K, committed 17408K, reserved 1048576K
}
Event: 34.342 GC heap before
{Heap before GC invocations=48 (full 0):
 garbage-first heap   total 266240K, used 228886K [0x0000000080000000, 0x0000000100000000)
  region size 1024K, 81 young (82944K), 2 survivors (2048K)
 Metaspace       used 135071K, committed 135872K, reserved 1179648K
  class space    used 17651K, committed 18048K, reserved 1048576K
}
Event: 34.357 GC heap after
{Heap after GC invocations=49 (full 0):
 garbage-first heap   total 266240K, used 150734K [0x0000000080000000, 0x0000000100000000)
  region size 1024K, 9 young (9216K), 9 survivors (9216K)
 Metaspace       used 135071K, committed 135872K, reserved 1179648K
  class space    used 17651K, committed 18048K, reserved 1048576K
}
Event: 34.792 GC heap before
{Heap before GC invocations=49 (full 0):
 garbage-first heap   total 266240K, used 179406K [0x0000000080000000, 0x0000000100000000)
  region size 1024K, 39 young (39936K), 9 survivors (9216K)
 Metaspace       used 135340K, committed 136128K, reserved 1179648K
  class space    used 17671K, committed 18048K, reserved 1048576K
}
Event: 34.814 GC heap after
{Heap after GC invocations=50 (full 0):
 garbage-first heap   total 266240K, used 155875K [0x0000000080000000, 0x0000000100000000)
  region size 1024K, 6 young (6144K), 6 survivors (6144K)
 Metaspace       used 135340K, committed 136128K, reserved 1179648K
  class space    used 17671K, committed 18048K, reserved 1048576K
}

