# JRE version: OpenJDK Runtime Environment (17.0.11) (build 17.0.11+0--11852314)
# Java VM: OpenJDK 64-Bit Server VM (17.0.11+0--11852314, mixed mode, tiered, compressed oops, compressed class ptrs, g1 gc, windows-amd64)
GC Precious Log:
 CPUs: 4 total, 4 available
 Memory: 4009M
 Large Page Support: Disabled
 NUMA Support: Disabled
 Compressed Oops: Enabled (32-bit)
 Heap Region Size: 1M
 Heap Min Capacity: 8M
 Heap Initial Capacity: 64M
 Heap Max Capacity: 2G
 Pre-touch: Disabled
 Parallel Workers: 4
 Concurrent Workers: 1
 Concurrent Refinement Workers: 4
 Periodic GC: Disabled
Heap:
 garbage-first heap   total 206848K, used 132365K [0x0000000080000000, 0x0000000100000000)
  region size 1024K, 16 young (16384K), 1 survivors (1024K)
 Metaspace       used 122266K, committed 123072K, reserved 1179648K
  class space    used 15951K, committed 16320K, reserved 1048576K
GC Heap History (20 events):
Event: 20.432 GC heap before
{Heap before GC invocations=52 (full 0):
 garbage-first heap   total 168960K, used 101086K [0x0000000080000000, 0x0000000100000000)
  region size 1024K, 8 young (8192K), 4 survivors (4096K)
 Metaspace       used 89812K, committed 90432K, reserved 1179648K
  class space    used 12075K, committed 12352K, reserved 1048576K
}
Event: 20.439 GC heap after
{Heap after GC invocations=53 (full 0):
 garbage-first heap   total 168960K, used 97103K [0x0000000080000000, 0x0000000100000000)
  region size 1024K, 1 young (1024K), 1 survivors (1024K)
 Metaspace       used 89812K, committed 90432K, reserved 1179648K
  class space    used 12075K, committed 12352K, reserved 1048576K
}
Event: 20.574 GC heap before
{Heap before GC invocations=53 (full 0):
 garbage-first heap   total 168960K, used 102223K [0x0000000080000000, 0x0000000100000000)
  region size 1024K, 7 young (7168K), 1 survivors (1024K)
 Metaspace       used 90535K, committed 91136K, reserved 1179648K
  class space    used 12161K, committed 12480K, reserved 1048576K
}
Event: 20.577 GC heap after
{Heap after GC invocations=54 (full 0):
 garbage-first heap   total 206848K, used 97215K [0x0000000080000000, 0x0000000100000000)
  region size 1024K, 1 young (1024K), 1 survivors (1024K)
 Metaspace       used 90535K, committed 91136K, reserved 1179648K
  class space    used 12161K, committed 12480K, reserved 1048576K
}
Event: 21.598 GC heap before
{Heap before GC invocations=55 (full 0):
 garbage-first heap   total 206848K, used 164799K [0x0000000080000000, 0x0000000100000000)
  region size 1024K, 66 young (67584K), 1 survivors (1024K)
 Metaspace       used 93044K, committed 93632K, reserved 1179648K
  class space    used 12427K, committed 12736K, reserved 1048576K
}
Event: 21.608 GC heap after
{Heap after GC invocations=56 (full 0):
 garbage-first heap   total 206848K, used 101710K [0x0000000080000000, 0x0000000100000000)
  region size 1024K, 6 young (6144K), 6 survivors (6144K)
 Metaspace       used 93044K, committed 93632K, reserved 1179648K
  class space    used 12427K, committed 12736K, reserved 1048576K
}
Event: 21.715 GC heap before
{Heap before GC invocations=56 (full 0):
 garbage-first heap   total 206848K, used 104782K [0x0000000080000000, 0x0000000100000000)
  region size 1024K, 10 young (10240K), 6 survivors (6144K)
 Metaspace       used 93545K, committed 94208K, reserved 1179648K
  class space    used 12484K, committed 12800K, reserved 1048576K
}
Event: 21.725 GC heap after
{Heap after GC invocations=57 (full 0):
 garbage-first heap   total 206848K, used 102198K [0x0000000080000000, 0x0000000100000000)
  region size 1024K, 1 young (1024K), 1 survivors (1024K)
 Metaspace       used 93545K, committed 94208K, reserved 1179648K
  class space    used 12484K, committed 12800K, reserved 1048576K
}
Event: 23.665 GC heap before
{Heap before GC invocations=57 (full 0):
 garbage-first heap   total 206848K, used 168758K [0x0000000080000000, 0x0000000100000000)
  region size 1024K, 66 young (67584K), 1 survivors (1024K)
 Metaspace       used 101096K, committed 101760K, reserved 1179648K
  class space    used 13309K, committed 13632K, reserved 1048576K
}
Event: 23.673 GC heap after
{Heap after GC invocations=58 (full 0):
 garbage-first heap   total 206848K, used 105813K [0x0000000080000000, 0x0000000100000000)
  region size 1024K, 5 young (5120K), 5 survivors (5120K)
 Metaspace       used 101096K, committed 101760K, reserved 1179648K
  class space    used 13309K, committed 13632K, reserved 1048576K
}
Event: 24.995 GC heap before
{Heap before GC invocations=59 (full 0):
 garbage-first heap   total 206848K, used 169301K [0x0000000080000000, 0x0000000100000000)
  region size 1024K, 67 young (68608K), 5 survivors (5120K)
 Metaspace       used 110318K, committed 110912K, reserved 1179648K
  class space    used 14332K, committed 14592K, reserved 1048576K
}
Event: 25.010 GC heap after
{Heap after GC invocations=60 (full 0):
 garbage-first heap   total 206848K, used 107331K [0x0000000080000000, 0x0000000100000000)
  region size 1024K, 6 young (6144K), 6 survivors (6144K)
 Metaspace       used 110318K, committed 110912K, reserved 1179648K
  class space    used 14332K, committed 14592K, reserved 1048576K
}
Event: 26.735 GC heap before
{Heap before GC invocations=60 (full 0):
 garbage-first heap   total 206848K, used 171843K [0x0000000080000000, 0x0000000100000000)
  region size 1024K, 69 young (70656K), 6 survivors (6144K)
 Metaspace       used 118379K, committed 119040K, reserved 1179648K
  class space    used 15412K, committed 15744K, reserved 1048576K
}
Event: 26.763 GC heap after
{Heap after GC invocations=61 (full 0):
 garbage-first heap   total 206848K, used 109689K [0x0000000080000000, 0x0000000100000000)
  region size 1024K, 5 young (5120K), 5 survivors (5120K)
 Metaspace       used 118379K, committed 119040K, reserved 1179648K
  class space    used 15412K, committed 15744K, reserved 1048576K
}
Event: 29.433 GC heap before
{Heap before GC invocations=62 (full 0):
 garbage-first heap   total 206848K, used 172153K [0x0000000080000000, 0x0000000100000000)
  region size 1024K, 67 young (68608K), 5 survivors (5120K)
 Metaspace       used 121754K, committed 122496K, reserved 1179648K
  class space    used 15876K, committed 16256K, reserved 1048576K
}
Event: 29.451 GC heap after
{Heap after GC invocations=63 (full 0):
 garbage-first heap   total 206848K, used 115581K [0x0000000080000000, 0x0000000100000000)
  region size 1024K, 9 young (9216K), 9 survivors (9216K)
 Metaspace       used 121754K, committed 122496K, reserved 1179648K
  class space    used 15876K, committed 16256K, reserved 1048576K
}
Event: 29.476 GC heap before
{Heap before GC invocations=63 (full 0):
 garbage-first heap   total 206848K, used 116605K [0x0000000080000000, 0x0000000100000000)
  region size 1024K, 10 young (10240K), 9 survivors (9216K)
 Metaspace       used 121758K, committed 122496K, reserved 1179648K
  class space    used 15876K, committed 16256K, reserved 1048576K
}
Event: 29.513 GC heap after
{Heap after GC invocations=64 (full 0):
 garbage-first heap   total 206848K, used 116870K [0x0000000080000000, 0x0000000100000000)
  region size 1024K, 2 young (2048K), 2 survivors (2048K)
 Metaspace       used 121758K, committed 122496K, reserved 1179648K
  class space    used 15876K, committed 16256K, reserved 1048576K
}
Event: 29.640 GC heap before
{Heap before GC invocations=64 (full 0):
 garbage-first heap   total 206848K, used 120966K [0x0000000080000000, 0x0000000100000000)
  region size 1024K, 8 young (8192K), 2 survivors (2048K)
 Metaspace       used 122254K, committed 123008K, reserved 1179648K
  class space    used 15950K, committed 16320K, reserved 1048576K
}
Event: 29.642 GC heap after
{Heap after GC invocations=65 (full 0):
 garbage-first heap   total 206848K, used 115981K [0x0000000080000000, 0x0000000100000000)
  region size 1024K, 1 young (1024K), 1 survivors (1024K)
 Metaspace       used 122254K, committed 123008K, reserved 1179648K
  class space    used 15950K, committed 16320K, reserved 1048576K
}

