# JRE version: OpenJDK Runtime Environment (17.0.11) (build 17.0.11+0--11852314)
# Java VM: OpenJDK 64-Bit Server VM (17.0.11+0--11852314, mixed mode, tiered, compressed oops, compressed class ptrs, g1 gc, windows-amd64)
GC Precious Log:
 CPUs: 4 total, 4 available
 Memory: 4009M
 Large Page Support: Disabled
 NUMA Support: Disabled
 Compressed Oops: Enabled (32-bit)
 Heap Region Size: 1M
 Heap Min Capacity: 8M
 Heap Initial Capacity: 64M
 Heap Max Capacity: 2G
 Pre-touch: Disabled
 Parallel Workers: 4
 Concurrent Workers: 1
 Concurrent Refinement Workers: 4
 Periodic GC: Disabled
Heap:
 garbage-first heap   total 162816K, used 94472K [0x0000000080000000, 0x0000000100000000)
  region size 1024K, 1 young (1024K), 1 survivors (1024K)
 Metaspace       used 80111K, committed 80960K, reserved 1179648K
  class space    used 11263K, committed 11648K, reserved 1048576K
GC Heap History (20 events):
Event: 16.129 GC heap after
{Heap after GC invocations=33 (full 0):
 garbage-first heap   total 122880K, used 72083K [0x0000000080000000, 0x0000000100000000)
  region size 1024K, 3 young (3072K), 3 survivors (3072K)
 Metaspace       used 59651K, committed 60224K, reserved 1114112K
  class space    used 8177K, committed 8448K, reserved 1048576K
}
Event: 17.353 GC heap before
{Heap before GC invocations=34 (full 0):
 garbage-first heap   total 126976K, used 94611K [0x0000000080000000, 0x0000000100000000)
  region size 1024K, 26 young (26624K), 3 survivors (3072K)
 Metaspace       used 61626K, committed 62272K, reserved 1114112K
  class space    used 8448K, committed 8768K, reserved 1048576K
}
Event: 17.365 GC heap after
{Heap after GC invocations=35 (full 0):
 garbage-first heap   total 126976K, used 74812K [0x0000000080000000, 0x0000000100000000)
  region size 1024K, 4 young (4096K), 4 survivors (4096K)
 Metaspace       used 61626K, committed 62272K, reserved 1114112K
  class space    used 8448K, committed 8768K, reserved 1048576K
}
Event: 18.189 GC heap before
{Heap before GC invocations=35 (full 0):
 garbage-first heap   total 126976K, used 99388K [0x0000000080000000, 0x0000000100000000)
  region size 1024K, 29 young (29696K), 4 survivors (4096K)
 Metaspace       used 62081K, committed 62720K, reserved 1114112K
  class space    used 8471K, committed 8768K, reserved 1048576K
}
Event: 18.203 GC heap after
{Heap after GC invocations=36 (full 0):
 garbage-first heap   total 152576K, used 78578K [0x0000000080000000, 0x0000000100000000)
  region size 1024K, 4 young (4096K), 4 survivors (4096K)
 Metaspace       used 62081K, committed 62720K, reserved 1114112K
  class space    used 8471K, committed 8768K, reserved 1048576K
}
Event: 19.109 GC heap before
{Heap before GC invocations=37 (full 0):
 garbage-first heap   total 152576K, used 117490K [0x0000000080000000, 0x0000000100000000)
  region size 1024K, 42 young (43008K), 4 survivors (4096K)
 Metaspace       used 67168K, committed 67840K, reserved 1114112K
  class space    used 9593K, committed 9920K, reserved 1048576K
}
Event: 19.120 GC heap after
{Heap after GC invocations=38 (full 0):
 garbage-first heap   total 152576K, used 80180K [0x0000000080000000, 0x0000000100000000)
  region size 1024K, 3 young (3072K), 3 survivors (3072K)
 Metaspace       used 67168K, committed 67840K, reserved 1114112K
  class space    used 9593K, committed 9920K, reserved 1048576K
}
Event: 19.180 GC heap before
{Heap before GC invocations=38 (full 0):
 garbage-first heap   total 152576K, used 83252K [0x0000000080000000, 0x0000000100000000)
  region size 1024K, 7 young (7168K), 3 survivors (3072K)
 Metaspace       used 67566K, committed 68224K, reserved 1114112K
  class space    used 9651K, committed 9920K, reserved 1048576K
}
Event: 19.186 GC heap after
{Heap after GC invocations=39 (full 0):
 garbage-first heap   total 152576K, used 79784K [0x0000000080000000, 0x0000000100000000)
  region size 1024K, 1 young (1024K), 1 survivors (1024K)
 Metaspace       used 67566K, committed 68224K, reserved 1114112K
  class space    used 9651K, committed 9920K, reserved 1048576K
}
Event: 19.807 GC heap before
{Heap before GC invocations=39 (full 0):
 garbage-first heap   total 152576K, used 118696K [0x0000000080000000, 0x0000000100000000)
  region size 1024K, 39 young (39936K), 1 survivors (1024K)
 Metaspace       used 72542K, committed 73216K, reserved 1114112K
  class space    used 10312K, committed 10624K, reserved 1048576K
}
Event: 19.811 GC heap after
{Heap after GC invocations=40 (full 0):
 garbage-first heap   total 152576K, used 80284K [0x0000000080000000, 0x0000000100000000)
  region size 1024K, 1 young (1024K), 1 survivors (1024K)
 Metaspace       used 72542K, committed 73216K, reserved 1114112K
  class space    used 10312K, committed 10624K, reserved 1048576K
}
Event: 20.670 GC heap before
{Heap before GC invocations=41 (full 0):
 garbage-first heap   total 152576K, used 121244K [0x0000000080000000, 0x0000000100000000)
  region size 1024K, 41 young (41984K), 1 survivors (1024K)
 Metaspace       used 78269K, committed 78912K, reserved 1179648K
  class space    used 11049K, committed 11328K, reserved 1048576K
}
Event: 20.676 GC heap after
{Heap after GC invocations=42 (full 0):
 garbage-first heap   total 152576K, used 81232K [0x0000000080000000, 0x0000000100000000)
  region size 1024K, 2 young (2048K), 2 survivors (2048K)
 Metaspace       used 78269K, committed 78912K, reserved 1179648K
  class space    used 11049K, committed 11328K, reserved 1048576K
}
Event: 20.758 GC heap before
{Heap before GC invocations=42 (full 0):
 garbage-first heap   total 152576K, used 86352K [0x0000000080000000, 0x0000000100000000)
  region size 1024K, 7 young (7168K), 2 survivors (2048K)
 Metaspace       used 79094K, committed 79744K, reserved 1179648K
  class space    used 11156K, committed 11456K, reserved 1048576K
}
Event: 20.762 GC heap after
{Heap after GC invocations=43 (full 0):
 garbage-first heap   total 152576K, used 80772K [0x0000000080000000, 0x0000000100000000)
  region size 1024K, 1 young (1024K), 1 survivors (1024K)
 Metaspace       used 79094K, committed 79744K, reserved 1179648K
  class space    used 11156K, committed 11456K, reserved 1048576K
}
Event: 20.842 GC heap before
{Heap before GC invocations=43 (full 0):
 garbage-first heap   total 152576K, used 84868K [0x0000000080000000, 0x0000000100000000)
  region size 1024K, 6 young (6144K), 1 survivors (1024K)
 Metaspace       used 79792K, committed 80512K, reserved 1179648K
  class space    used 11254K, committed 11584K, reserved 1048576K
}
Event: 20.844 GC heap after
{Heap after GC invocations=44 (full 0):
 garbage-first heap   total 152576K, used 80763K [0x0000000080000000, 0x0000000100000000)
  region size 1024K, 1 young (1024K), 1 survivors (1024K)
 Metaspace       used 79792K, committed 80512K, reserved 1179648K
  class space    used 11254K, committed 11584K, reserved 1048576K
}
Event: 21.275 GC heap before
{Heap before GC invocations=45 (full 0):
 garbage-first heap   total 162816K, used 136059K [0x0000000080000000, 0x0000000100000000)
  region size 1024K, 46 young (47104K), 1 survivors (1024K)
 Metaspace       used 80111K, committed 80960K, reserved 1179648K
  class space    used 11263K, committed 11648K, reserved 1048576K
}
Event: 21.298 GC heap after
{Heap after GC invocations=46 (full 0):
 garbage-first heap   total 162816K, used 93700K [0x0000000080000000, 0x0000000100000000)
  region size 1024K, 6 young (6144K), 6 survivors (6144K)
 Metaspace       used 80111K, committed 80960K, reserved 1179648K
  class space    used 11263K, committed 11648K, reserved 1048576K
}
Event: 21.320 GC heap before
{Heap before GC invocations=46 (full 0):
 garbage-first heap   total 162816K, used 93700K [0x0000000080000000, 0x0000000100000000)
  region size 1024K, 7 young (7168K), 6 survivors (6144K)
 Metaspace       used 80111K, committed 80960K, reserved 1179648K
  class space    used 11263K, committed 11648K, reserved 1048576K
}

