# JRE version: OpenJDK Runtime Environment (17.0.11) (build 17.0.11+0--11852314)
# Java VM: OpenJDK 64-Bit Server VM (17.0.11+0--11852314, mixed mode, tiered, compressed oops, compressed class ptrs, g1 gc, windows-amd64)
GC Precious Log:
 CPUs: 4 total, 4 available
 Memory: 4009M
 Large Page Support: Disabled
 NUMA Support: Disabled
 Compressed Oops: Enabled (32-bit)
 Heap Region Size: 1M
 Heap Min Capacity: 8M
 Heap Initial Capacity: 64M
 Heap Max Capacity: 2G
 Pre-touch: Disabled
 Parallel Workers: 4
 Concurrent Workers: 1
 Concurrent Refinement Workers: 4
 Periodic GC: Disabled
Heap:
 garbage-first heap   total 275456K, used 205705K [0x0000000080000000, 0x0000000100000000)
  region size 1024K, 38 young (38912K), 10 survivors (10240K)
 Metaspace       used 156320K, committed 157248K, reserved 1245184K
  class space    used 20468K, committed 20928K, reserved 1048576K
GC Heap History (20 events):
Event: 26.710 GC heap before
{Heap before GC invocations=40 (full 0):
 garbage-first heap   total 275456K, used 217990K [0x0000000080000000, 0x0000000100000000)
  region size 1024K, 100 young (102400K), 16 survivors (16384K)
 Metaspace       used 102829K, committed 103616K, reserved 1179648K
  class space    used 13989K, committed 14400K, reserved 1048576K
}
Event: 26.748 GC heap after
{Heap after GC invocations=41 (full 0):
 garbage-first heap   total 275456K, used 140800K [0x0000000080000000, 0x0000000100000000)
  region size 1024K, 7 young (7168K), 7 survivors (7168K)
 Metaspace       used 102829K, committed 103616K, reserved 1179648K
  class space    used 13989K, committed 14400K, reserved 1048576K
}
Event: 28.588 GC heap before
{Heap before GC invocations=42 (full 0):
 garbage-first heap   total 275456K, used 219648K [0x0000000080000000, 0x0000000100000000)
  region size 1024K, 83 young (84992K), 7 survivors (7168K)
 Metaspace       used 112069K, committed 112896K, reserved 1179648K
  class space    used 15135K, committed 15552K, reserved 1048576K
}
Event: 28.606 GC heap after
{Heap after GC invocations=43 (full 0):
 garbage-first heap   total 275456K, used 145308K [0x0000000080000000, 0x0000000100000000)
  region size 1024K, 5 young (5120K), 5 survivors (5120K)
 Metaspace       used 112069K, committed 112896K, reserved 1179648K
  class space    used 15135K, committed 15552K, reserved 1048576K
}
Event: 28.651 GC heap before
{Heap before GC invocations=43 (full 0):
 garbage-first heap   total 275456K, used 152476K [0x0000000080000000, 0x0000000100000000)
  region size 1024K, 13 young (13312K), 5 survivors (5120K)
 Metaspace       used 112120K, committed 112960K, reserved 1179648K
  class space    used 15135K, committed 15552K, reserved 1048576K
}
Event: 28.667 GC heap after
{Heap after GC invocations=44 (full 0):
 garbage-first heap   total 275456K, used 145408K [0x0000000080000000, 0x0000000100000000)
  region size 1024K, 2 young (2048K), 2 survivors (2048K)
 Metaspace       used 112120K, committed 112960K, reserved 1179648K
  class space    used 15135K, committed 15552K, reserved 1048576K
}
Event: 29.793 GC heap before
{Heap before GC invocations=44 (full 0):
 garbage-first heap   total 275456K, used 221184K [0x0000000080000000, 0x0000000100000000)
  region size 1024K, 76 young (77824K), 2 survivors (2048K)
 Metaspace       used 114910K, committed 115776K, reserved 1179648K
  class space    used 15435K, committed 15872K, reserved 1048576K
}
Event: 29.808 GC heap after
{Heap after GC invocations=45 (full 0):
 garbage-first heap   total 275456K, used 149925K [0x0000000080000000, 0x0000000100000000)
  region size 1024K, 7 young (7168K), 7 survivors (7168K)
 Metaspace       used 114910K, committed 115776K, reserved 1179648K
  class space    used 15435K, committed 15872K, reserved 1048576K
}
Event: 32.107 GC heap before
{Heap before GC invocations=46 (full 0):
 garbage-first heap   total 275456K, used 222629K [0x0000000080000000, 0x0000000100000000)
  region size 1024K, 78 young (79872K), 7 survivors (7168K)
 Metaspace       used 122135K, committed 122944K, reserved 1179648K
  class space    used 16143K, committed 16576K, reserved 1048576K
}
Event: 32.129 GC heap after
{Heap after GC invocations=47 (full 0):
 garbage-first heap   total 275456K, used 156335K [0x0000000080000000, 0x0000000100000000)
  region size 1024K, 7 young (7168K), 7 survivors (7168K)
 Metaspace       used 122135K, committed 122944K, reserved 1179648K
  class space    used 16143K, committed 16576K, reserved 1048576K
}
Event: 32.261 GC heap before
{Heap before GC invocations=47 (full 0):
 garbage-first heap   total 275456K, used 161455K [0x0000000080000000, 0x0000000100000000)
  region size 1024K, 13 young (13312K), 7 survivors (7168K)
 Metaspace       used 122852K, committed 123648K, reserved 1179648K
  class space    used 16220K, committed 16640K, reserved 1048576K
}
Event: 32.275 GC heap after
{Heap after GC invocations=48 (full 0):
 garbage-first heap   total 275456K, used 155371K [0x0000000080000000, 0x0000000100000000)
  region size 1024K, 1 young (1024K), 1 survivors (1024K)
 Metaspace       used 122852K, committed 123648K, reserved 1179648K
  class space    used 16220K, committed 16640K, reserved 1048576K
}
Event: 33.730 GC heap before
{Heap before GC invocations=48 (full 0):
 garbage-first heap   total 275456K, used 223979K [0x0000000080000000, 0x0000000100000000)
  region size 1024K, 69 young (70656K), 1 survivors (1024K)
 Metaspace       used 132829K, committed 133632K, reserved 1179648K
  class space    used 17322K, committed 17728K, reserved 1048576K
}
Event: 33.739 GC heap after
{Heap after GC invocations=49 (full 0):
 garbage-first heap   total 275456K, used 156377K [0x0000000080000000, 0x0000000100000000)
  region size 1024K, 2 young (2048K), 2 survivors (2048K)
 Metaspace       used 132829K, committed 133632K, reserved 1179648K
  class space    used 17322K, committed 17728K, reserved 1048576K
}
Event: 35.707 GC heap before
{Heap before GC invocations=49 (full 0):
 garbage-first heap   total 275456K, used 229081K [0x0000000080000000, 0x0000000100000000)
  region size 1024K, 73 young (74752K), 2 survivors (2048K)
 Metaspace       used 140430K, committed 141312K, reserved 1179648K
  class space    used 18144K, committed 18560K, reserved 1048576K
}
Event: 35.717 GC heap after
{Heap after GC invocations=50 (full 0):
 garbage-first heap   total 275456K, used 158217K [0x0000000080000000, 0x0000000100000000)
  region size 1024K, 4 young (4096K), 4 survivors (4096K)
 Metaspace       used 140430K, committed 141312K, reserved 1179648K
  class space    used 18144K, committed 18560K, reserved 1048576K
}
Event: 37.776 GC heap before
{Heap before GC invocations=50 (full 0):
 garbage-first heap   total 275456K, used 231945K [0x0000000080000000, 0x0000000100000000)
  region size 1024K, 75 young (76800K), 4 survivors (4096K)
 Metaspace       used 145421K, committed 146368K, reserved 1179648K
  class space    used 19029K, committed 19456K, reserved 1048576K
}
Event: 37.793 GC heap after
{Heap after GC invocations=51 (full 0):
 garbage-first heap   total 275456K, used 160792K [0x0000000080000000, 0x0000000100000000)
  region size 1024K, 7 young (7168K), 7 survivors (7168K)
 Metaspace       used 145421K, committed 146368K, reserved 1179648K
  class space    used 19029K, committed 19456K, reserved 1048576K
}
Event: 40.276 GC heap before
{Heap before GC invocations=51 (full 0):
 garbage-first heap   total 275456K, used 241688K [0x0000000080000000, 0x0000000100000000)
  region size 1024K, 73 young (74752K), 7 survivors (7168K)
 Metaspace       used 152630K, committed 153536K, reserved 1245184K
  class space    used 20033K, committed 20480K, reserved 1048576K
}
Event: 40.352 GC heap after
{Heap after GC invocations=52 (full 0):
 garbage-first heap   total 275456K, used 176009K [0x0000000080000000, 0x0000000100000000)
  region size 1024K, 10 young (10240K), 10 survivors (10240K)
 Metaspace       used 152630K, committed 153536K, reserved 1245184K
  class space    used 20033K, committed 20480K, reserved 1048576K
}

