# JRE version: OpenJDK Runtime Environment (17.0.11) (build 17.0.11+0--11852314)
# Java VM: OpenJDK 64-Bit Server VM (17.0.11+0--11852314, mixed mode, tiered, compressed oops, compressed class ptrs, g1 gc, windows-amd64)
GC Precious Log:
 CPUs: 4 total, 4 available
 Memory: 4009M
 Large Page Support: Disabled
 NUMA Support: Disabled
 Compressed Oops: Enabled (32-bit)
 Heap Region Size: 1M
 Heap Min Capacity: 8M
 Heap Initial Capacity: 64M
 Heap Max Capacity: 2G
 Pre-touch: Disabled
 Parallel Workers: 4
 Concurrent Workers: 1
 Concurrent Refinement Workers: 4
 Periodic GC: Disabled
Heap:
 garbage-first heap   total 202752K, used 116085K [0x0000000080000000, 0x0000000100000000)
  region size 1024K, 4 young (4096K), 4 survivors (4096K)
 Metaspace       used 118829K, committed 119552K, reserved 1179648K
  class space    used 15717K, committed 16064K, reserved 1048576K
GC Heap History (20 events):
Event: 16.917 GC heap after
{Heap after GC invocations=34 (full 0):
 garbage-first heap   total 202752K, used 59537K [0x0000000080000000, 0x0000000100000000)
  region size 1024K, 1 young (1024K), 1 survivors (1024K)
 Metaspace       used 67332K, committed 67968K, reserved 1114112K
  class space    used 9198K, committed 9472K, reserved 1048576K
}
Event: 19.355 GC heap before
{Heap before GC invocations=34 (full 0):
 garbage-first heap   total 202752K, used 151697K [0x0000000080000000, 0x0000000100000000)
  region size 1024K, 91 young (93184K), 1 survivors (1024K)
 Metaspace       used 75230K, committed 75840K, reserved 1114112K
  class space    used 10239K, committed 10496K, reserved 1048576K
}
Event: 19.380 GC heap after
{Heap after GC invocations=35 (full 0):
 garbage-first heap   total 202752K, used 65335K [0x0000000080000000, 0x0000000100000000)
  region size 1024K, 7 young (7168K), 7 survivors (7168K)
 Metaspace       used 75230K, committed 75840K, reserved 1114112K
  class space    used 10239K, committed 10496K, reserved 1048576K
}
Event: 21.716 GC heap before
{Heap before GC invocations=35 (full 0):
 garbage-first heap   total 202752K, used 154423K [0x0000000080000000, 0x0000000100000000)
  region size 1024K, 95 young (97280K), 7 survivors (7168K)
 Metaspace       used 88531K, committed 89152K, reserved 1179648K
  class space    used 12421K, committed 12736K, reserved 1048576K
}
Event: 21.738 GC heap after
{Heap after GC invocations=36 (full 0):
 garbage-first heap   total 202752K, used 68122K [0x0000000080000000, 0x0000000100000000)
  region size 1024K, 9 young (9216K), 9 survivors (9216K)
 Metaspace       used 88531K, committed 89152K, reserved 1179648K
  class space    used 12421K, committed 12736K, reserved 1048576K
}
Event: 23.452 GC heap before
{Heap before GC invocations=37 (full 0):
 garbage-first heap   total 202752K, used 168474K [0x0000000080000000, 0x0000000100000000)
  region size 1024K, 100 young (102400K), 9 survivors (9216K)
 Metaspace       used 91559K, committed 92224K, reserved 1179648K
  class space    used 12790K, committed 13120K, reserved 1048576K
}
Event: 23.579 GC heap after
{Heap after GC invocations=38 (full 0):
 garbage-first heap   total 202752K, used 87726K [0x0000000080000000, 0x0000000100000000)
  region size 1024K, 13 young (13312K), 13 survivors (13312K)
 Metaspace       used 91559K, committed 92224K, reserved 1179648K
  class space    used 12790K, committed 13120K, reserved 1048576K
}
Event: 23.606 GC heap before
{Heap before GC invocations=38 (full 0):
 garbage-first heap   total 202752K, used 88750K [0x0000000080000000, 0x0000000100000000)
  region size 1024K, 14 young (14336K), 13 survivors (13312K)
 Metaspace       used 91770K, committed 92416K, reserved 1179648K
  class space    used 12805K, committed 13120K, reserved 1048576K
}
Event: 23.636 GC heap after
{Heap after GC invocations=39 (full 0):
 garbage-first heap   total 202752K, used 89600K [0x0000000080000000, 0x0000000100000000)
  region size 1024K, 2 young (2048K), 2 survivors (2048K)
 Metaspace       used 91770K, committed 92416K, reserved 1179648K
  class space    used 12805K, committed 13120K, reserved 1048576K
}
Event: 25.137 GC heap before
{Heap before GC invocations=39 (full 0):
 garbage-first heap   total 202752K, used 164352K [0x0000000080000000, 0x0000000100000000)
  region size 1024K, 68 young (69632K), 2 survivors (2048K)
 Metaspace       used 99105K, committed 99712K, reserved 1179648K
  class space    used 13510K, committed 13824K, reserved 1048576K
}
Event: 25.152 GC heap after
{Heap after GC invocations=40 (full 0):
 garbage-first heap   total 202752K, used 100864K [0x0000000080000000, 0x0000000100000000)
  region size 1024K, 6 young (6144K), 6 survivors (6144K)
 Metaspace       used 99105K, committed 99712K, reserved 1179648K
  class space    used 13510K, committed 13824K, reserved 1048576K
}
Event: 26.947 GC heap before
{Heap before GC invocations=40 (full 0):
 garbage-first heap   total 202752K, used 162304K [0x0000000080000000, 0x0000000100000000)
  region size 1024K, 66 young (67584K), 6 survivors (6144K)
 Metaspace       used 106846K, committed 107520K, reserved 1179648K
  class space    used 14477K, committed 14784K, reserved 1048576K
}
Event: 26.966 GC heap after
{Heap after GC invocations=41 (full 0):
 garbage-first heap   total 202752K, used 103646K [0x0000000080000000, 0x0000000100000000)
  region size 1024K, 4 young (4096K), 4 survivors (4096K)
 Metaspace       used 106846K, committed 107520K, reserved 1179648K
  class space    used 14477K, committed 14784K, reserved 1048576K
}
Event: 27.837 GC heap before
{Heap before GC invocations=41 (full 0):
 garbage-first heap   total 202752K, used 165086K [0x0000000080000000, 0x0000000100000000)
  region size 1024K, 63 young (64512K), 4 survivors (4096K)
 Metaspace       used 109917K, committed 110592K, reserved 1179648K
  class space    used 14812K, committed 15168K, reserved 1048576K
}
Event: 27.858 GC heap after
{Heap after GC invocations=42 (full 0):
 garbage-first heap   total 202752K, used 107834K [0x0000000080000000, 0x0000000100000000)
  region size 1024K, 8 young (8192K), 8 survivors (8192K)
 Metaspace       used 109917K, committed 110592K, reserved 1179648K
  class space    used 14812K, committed 15168K, reserved 1048576K
}
Event: 29.736 GC heap before
{Heap before GC invocations=43 (full 0):
 garbage-first heap   total 202752K, used 166202K [0x0000000080000000, 0x0000000100000000)
  region size 1024K, 65 young (66560K), 8 survivors (8192K)
 Metaspace       used 112945K, committed 113600K, reserved 1179648K
  class space    used 15129K, committed 15488K, reserved 1048576K
}
Event: 29.756 GC heap after
{Heap after GC invocations=44 (full 0):
 garbage-first heap   total 202752K, used 112865K [0x0000000080000000, 0x0000000100000000)
  region size 1024K, 9 young (9216K), 9 survivors (9216K)
 Metaspace       used 112945K, committed 113600K, reserved 1179648K
  class space    used 15129K, committed 15488K, reserved 1048576K
}
Event: 29.822 GC heap before
{Heap before GC invocations=44 (full 0):
 garbage-first heap   total 202752K, used 113889K [0x0000000080000000, 0x0000000100000000)
  region size 1024K, 10 young (10240K), 9 survivors (9216K)
 Metaspace       used 113017K, committed 113664K, reserved 1179648K
  class space    used 15130K, committed 15488K, reserved 1048576K
}
Event: 29.845 GC heap after
{Heap after GC invocations=45 (full 0):
 garbage-first heap   total 202752K, used 113040K [0x0000000080000000, 0x0000000100000000)
  region size 1024K, 1 young (1024K), 1 survivors (1024K)
 Metaspace       used 113017K, committed 113664K, reserved 1179648K
  class space    used 15130K, committed 15488K, reserved 1048576K
}
Event: 31.393 GC heap before
{Heap before GC invocations=45 (full 0):
 garbage-first heap   total 202752K, used 166288K [0x0000000080000000, 0x0000000100000000)
  region size 1024K, 53 young (54272K), 1 survivors (1024K)
 Metaspace       used 118829K, committed 119552K, reserved 1179648K
  class space    used 15717K, committed 16064K, reserved 1048576K
}

