# JRE version: OpenJDK Runtime Environment (17.0.11) (build 17.0.11+0--11852314)
# Java VM: OpenJDK 64-Bit Server VM (17.0.11+0--11852314, mixed mode, tiered, compressed oops, compressed class ptrs, g1 gc, windows-amd64)
GC Precious Log:
 CPUs: 4 total, 4 available
 Memory: 4009M
 Large Page Support: Disabled
 NUMA Support: Disabled
 Compressed Oops: Enabled (32-bit)
 Heap Region Size: 1M
 Heap Min Capacity: 8M
 Heap Initial Capacity: 64M
 Heap Max Capacity: 2G
 Pre-touch: Disabled
 Parallel Workers: 4
 Concurrent Workers: 1
 Concurrent Refinement Workers: 4
 Periodic GC: Disabled
Heap:
 garbage-first heap   total 235520K, used 129624K [0x0000000080000000, 0x0000000100000000)
  region size 1024K, 21 young (21504K), 8 survivors (8192K)
 Metaspace       used 115347K, committed 116032K, reserved 1179648K
  class space    used 14762K, committed 15040K, reserved 1048576K
GC Heap History (20 events):
Event: 29.982 GC heap before
{Heap before GC invocations=40 (full 0):
 garbage-first heap   total 174080K, used 97101K [0x0000000080000000, 0x0000000100000000)
  region size 1024K, 17 young (17408K), 3 survivors (3072K)
 Metaspace       used 76083K, committed 76736K, reserved 1179648K
  class space    used 10527K, committed 10816K, reserved 1048576K
}
Event: 29.988 GC heap after
{Heap after GC invocations=41 (full 0):
 garbage-first heap   total 174080K, used 84191K [0x0000000080000000, 0x0000000100000000)
  region size 1024K, 3 young (3072K), 3 survivors (3072K)
 Metaspace       used 76083K, committed 76736K, reserved 1179648K
  class space    used 10527K, committed 10816K, reserved 1048576K
}
Event: 30.815 GC heap before
{Heap before GC invocations=42 (full 0):
 garbage-first heap   total 174080K, used 140511K [0x0000000080000000, 0x0000000100000000)
  region size 1024K, 51 young (52224K), 3 survivors (3072K)
 Metaspace       used 81697K, committed 82304K, reserved 1179648K
  class space    used 11043K, committed 11328K, reserved 1048576K
}
Event: 30.826 GC heap after
{Heap after GC invocations=43 (full 0):
 garbage-first heap   total 174080K, used 94774K [0x0000000080000000, 0x0000000100000000)
  region size 1024K, 7 young (7168K), 7 survivors (7168K)
 Metaspace       used 81697K, committed 82304K, reserved 1179648K
  class space    used 11043K, committed 11328K, reserved 1048576K
}
Event: 31.814 GC heap before
{Heap before GC invocations=43 (full 0):
 garbage-first heap   total 174080K, used 138806K [0x0000000080000000, 0x0000000100000000)
  region size 1024K, 50 young (51200K), 7 survivors (7168K)
 Metaspace       used 86614K, committed 87232K, reserved 1179648K
  class space    used 11635K, committed 11904K, reserved 1048576K
}
Event: 31.829 GC heap after
{Heap after GC invocations=44 (full 0):
 garbage-first heap   total 174080K, used 97511K [0x0000000080000000, 0x0000000100000000)
  region size 1024K, 7 young (7168K), 7 survivors (7168K)
 Metaspace       used 86614K, committed 87232K, reserved 1179648K
  class space    used 11635K, committed 11904K, reserved 1048576K
}
Event: 32.561 GC heap before
{Heap before GC invocations=45 (full 0):
 garbage-first heap   total 174080K, used 125159K [0x0000000080000000, 0x0000000100000000)
  region size 1024K, 35 young (35840K), 7 survivors (7168K)
 Metaspace       used 90488K, committed 91072K, reserved 1179648K
  class space    used 12141K, committed 12416K, reserved 1048576K
}
Event: 32.572 GC heap after
{Heap after GC invocations=46 (full 0):
 garbage-first heap   total 174080K, used 98792K [0x0000000080000000, 0x0000000100000000)
  region size 1024K, 4 young (4096K), 4 survivors (4096K)
 Metaspace       used 90488K, committed 91072K, reserved 1179648K
  class space    used 12141K, committed 12416K, reserved 1048576K
}
Event: 33.267 GC heap before
{Heap before GC invocations=47 (full 0):
 garbage-first heap   total 204800K, used 144872K [0x0000000080000000, 0x0000000100000000)
  region size 1024K, 48 young (49152K), 4 survivors (4096K)
 Metaspace       used 92711K, committed 93312K, reserved 1179648K
  class space    used 12395K, committed 12672K, reserved 1048576K
}
Event: 33.284 GC heap after
{Heap after GC invocations=48 (full 0):
 garbage-first heap   total 204800K, used 101130K [0x0000000080000000, 0x0000000100000000)
  region size 1024K, 4 young (4096K), 4 survivors (4096K)
 Metaspace       used 92711K, committed 93312K, reserved 1179648K
  class space    used 12395K, committed 12672K, reserved 1048576K
}
Event: 35.442 GC heap before
{Heap before GC invocations=48 (full 0):
 garbage-first heap   total 204800K, used 163594K [0x0000000080000000, 0x0000000100000000)
  region size 1024K, 66 young (67584K), 4 survivors (4096K)
 Metaspace       used 97871K, committed 98560K, reserved 1179648K
  class space    used 12939K, committed 13248K, reserved 1048576K
}
Event: 35.456 GC heap after
{Heap after GC invocations=49 (full 0):
 garbage-first heap   total 204800K, used 105515K [0x0000000080000000, 0x0000000100000000)
  region size 1024K, 8 young (8192K), 8 survivors (8192K)
 Metaspace       used 97871K, committed 98560K, reserved 1179648K
  class space    used 12939K, committed 13248K, reserved 1048576K
}
Event: 36.721 GC heap before
{Heap before GC invocations=50 (full 0):
 garbage-first heap   total 204800K, used 165785K [0x0000000080000000, 0x0000000100000000)
  region size 1024K, 67 young (68608K), 8 survivors (8192K)
 Metaspace       used 105196K, committed 105856K, reserved 1179648K
  class space    used 13722K, committed 14016K, reserved 1048576K
}
Event: 36.738 GC heap after
{Heap after GC invocations=51 (full 0):
 garbage-first heap   total 204800K, used 108755K [0x0000000080000000, 0x0000000100000000)
  region size 1024K, 8 young (8192K), 8 survivors (8192K)
 Metaspace       used 105196K, committed 105856K, reserved 1179648K
  class space    used 13722K, committed 14016K, reserved 1048576K
}
Event: 38.340 GC heap before
{Heap before GC invocations=51 (full 0):
 garbage-first heap   total 204800K, used 168147K [0x0000000080000000, 0x0000000100000000)
  region size 1024K, 66 young (67584K), 8 survivors (8192K)
 Metaspace       used 113716K, committed 114304K, reserved 1179648K
  class space    used 14638K, committed 14912K, reserved 1048576K
}
Event: 38.357 GC heap after
{Heap after GC invocations=52 (full 0):
 garbage-first heap   total 204800K, used 109491K [0x0000000080000000, 0x0000000100000000)
  region size 1024K, 4 young (4096K), 4 survivors (4096K)
 Metaspace       used 113716K, committed 114304K, reserved 1179648K
  class space    used 14638K, committed 14912K, reserved 1048576K
}
Event: 38.732 GC heap before
{Heap before GC invocations=53 (full 0):
 garbage-first heap   total 204800K, used 124851K [0x0000000080000000, 0x0000000100000000)
  region size 1024K, 20 young (20480K), 4 survivors (4096K)
 Metaspace       used 113858K, committed 114432K, reserved 1179648K
  class space    used 14641K, committed 14912K, reserved 1048576K
}
Event: 38.744 GC heap after
{Heap after GC invocations=54 (full 0):
 garbage-first heap   total 204800K, used 112439K [0x0000000080000000, 0x0000000100000000)
  region size 1024K, 7 young (7168K), 7 survivors (7168K)
 Metaspace       used 113858K, committed 114432K, reserved 1179648K
  class space    used 14641K, committed 14912K, reserved 1048576K
}
Event: 39.864 GC heap before
{Heap before GC invocations=55 (full 0):
 garbage-first heap   total 235520K, used 169783K [0x0000000080000000, 0x0000000100000000)
  region size 1024K, 62 young (63488K), 7 survivors (7168K)
 Metaspace       used 114749K, committed 115392K, reserved 1179648K
  class space    used 14715K, committed 14976K, reserved 1048576K
}
Event: 39.882 GC heap after
{Heap after GC invocations=56 (full 0):
 garbage-first heap   total 235520K, used 117336K [0x0000000080000000, 0x0000000100000000)
  region size 1024K, 8 young (8192K), 8 survivors (8192K)
 Metaspace       used 114749K, committed 115392K, reserved 1179648K
  class space    used 14715K, committed 14976K, reserved 1048576K
}

