# JRE version: OpenJDK Runtime Environment (17.0.11) (build 17.0.11+0--11852314)
# Java VM: OpenJDK 64-Bit Server VM (17.0.11+0--11852314, mixed mode, tiered, compressed oops, compressed class ptrs, g1 gc, windows-amd64)
GC Precious Log:
 CPUs: 4 total, 4 available
 Memory: 4009M
 Large Page Support: Disabled
 NUMA Support: Disabled
 Compressed Oops: Enabled (32-bit)
 Heap Region Size: 1M
 Heap Min Capacity: 8M
 Heap Initial Capacity: 64M
 Heap Max Capacity: 2G
 Pre-touch: Disabled
 Parallel Workers: 4
 Concurrent Workers: 1
 Concurrent Refinement Workers: 4
 Periodic GC: Disabled
Heap:
 garbage-first heap   total 145408K, used 124947K [0x0000000080000000, 0x0000000100000000)
  region size 1024K, 38 young (38912K), 1 survivors (1024K)
 Metaspace       used 80178K, committed 80960K, reserved 1179648K
  class space    used 11266K, committed 11648K, reserved 1048576K
GC Heap History (20 events):
Event: 34.663 GC heap before
{Heap before GC invocations=36 (full 0):
 garbage-first heap   total 119808K, used 98614K [0x0000000080000000, 0x0000000100000000)
  region size 1024K, 30 young (30720K), 2 survivors (2048K)
 Metaspace       used 59185K, committed 59840K, reserved 1114112K
  class space    used 8090K, committed 8384K, reserved 1048576K
}
Event: 34.673 GC heap after
{Heap after GC invocations=37 (full 0):
 garbage-first heap   total 119808K, used 71922K [0x0000000080000000, 0x0000000100000000)
  region size 1024K, 4 young (4096K), 4 survivors (4096K)
 Metaspace       used 59185K, committed 59840K, reserved 1114112K
  class space    used 8090K, committed 8384K, reserved 1048576K
}
Event: 34.723 GC heap before
{Heap before GC invocations=37 (full 0):
 garbage-first heap   total 119808K, used 72946K [0x0000000080000000, 0x0000000100000000)
  region size 1024K, 5 young (5120K), 4 survivors (4096K)
 Metaspace       used 59283K, committed 59904K, reserved 1114112K
  class space    used 8115K, committed 8384K, reserved 1048576K
}
Event: 34.737 GC heap after
{Heap after GC invocations=38 (full 0):
 garbage-first heap   total 119808K, used 71959K [0x0000000080000000, 0x0000000100000000)
  region size 1024K, 1 young (1024K), 1 survivors (1024K)
 Metaspace       used 59283K, committed 59904K, reserved 1114112K
  class space    used 8115K, committed 8384K, reserved 1048576K
}
Event: 38.005 GC heap before
{Heap before GC invocations=38 (full 0):
 garbage-first heap   total 119808K, used 99607K [0x0000000080000000, 0x0000000100000000)
  region size 1024K, 28 young (28672K), 1 survivors (1024K)
 Metaspace       used 61674K, committed 62336K, reserved 1114112K
  class space    used 8451K, committed 8768K, reserved 1048576K
}
Event: 38.013 GC heap after
{Heap after GC invocations=39 (full 0):
 garbage-first heap   total 119808K, used 74530K [0x0000000080000000, 0x0000000100000000)
  region size 1024K, 4 young (4096K), 4 survivors (4096K)
 Metaspace       used 61674K, committed 62336K, reserved 1114112K
  class space    used 8451K, committed 8768K, reserved 1048576K
}
Event: 41.074 GC heap before
{Heap before GC invocations=40 (full 0):
 garbage-first heap   total 130048K, used 97058K [0x0000000080000000, 0x0000000100000000)
  region size 1024K, 27 young (27648K), 4 survivors (4096K)
 Metaspace       used 62112K, committed 62784K, reserved 1114112K
  class space    used 8474K, committed 8768K, reserved 1048576K
}
Event: 41.100 GC heap after
{Heap after GC invocations=41 (full 0):
 garbage-first heap   total 130048K, used 77319K [0x0000000080000000, 0x0000000100000000)
  region size 1024K, 4 young (4096K), 4 survivors (4096K)
 Metaspace       used 62112K, committed 62784K, reserved 1114112K
  class space    used 8474K, committed 8768K, reserved 1048576K
}
Event: 41.256 GC heap before
{Heap before GC invocations=41 (full 0):
 garbage-first heap   total 130048K, used 78343K [0x0000000080000000, 0x0000000100000000)
  region size 1024K, 6 young (6144K), 4 survivors (4096K)
 Metaspace       used 62125K, committed 62784K, reserved 1114112K
  class space    used 8474K, committed 8768K, reserved 1048576K
}
Event: 41.278 GC heap after
{Heap after GC invocations=42 (full 0):
 garbage-first heap   total 130048K, used 77696K [0x0000000080000000, 0x0000000100000000)
  region size 1024K, 1 young (1024K), 1 survivors (1024K)
 Metaspace       used 62125K, committed 62784K, reserved 1114112K
  class space    used 8474K, committed 8768K, reserved 1048576K
}
Event: 43.326 GC heap before
{Heap before GC invocations=42 (full 0):
 garbage-first heap   total 130048K, used 107392K [0x0000000080000000, 0x0000000100000000)
  region size 1024K, 30 young (30720K), 1 survivors (1024K)
 Metaspace       used 66158K, committed 66752K, reserved 1114112K
  class space    used 9458K, committed 9728K, reserved 1048576K
}
Event: 43.333 GC heap after
{Heap after GC invocations=43 (full 0):
 garbage-first heap   total 130048K, used 79074K [0x0000000080000000, 0x0000000100000000)
  region size 1024K, 3 young (3072K), 3 survivors (3072K)
 Metaspace       used 66158K, committed 66752K, reserved 1114112K
  class space    used 9458K, committed 9728K, reserved 1048576K
}
Event: 43.988 GC heap before
{Heap before GC invocations=43 (full 0):
 garbage-first heap   total 130048K, used 107746K [0x0000000080000000, 0x0000000100000000)
  region size 1024K, 31 young (31744K), 3 survivors (3072K)
 Metaspace       used 69468K, committed 70016K, reserved 1114112K
  class space    used 9913K, committed 10176K, reserved 1048576K
}
Event: 43.994 GC heap after
{Heap after GC invocations=44 (full 0):
 garbage-first heap   total 130048K, used 79986K [0x0000000080000000, 0x0000000100000000)
  region size 1024K, 3 young (3072K), 3 survivors (3072K)
 Metaspace       used 69468K, committed 70016K, reserved 1114112K
  class space    used 9913K, committed 10176K, reserved 1048576K
}
Event: 44.564 GC heap before
{Heap before GC invocations=44 (full 0):
 garbage-first heap   total 130048K, used 108658K [0x0000000080000000, 0x0000000100000000)
  region size 1024K, 31 young (31744K), 3 survivors (3072K)
 Metaspace       used 73206K, committed 73856K, reserved 1114112K
  class space    used 10407K, committed 10688K, reserved 1048576K
}
Event: 44.575 GC heap after
{Heap after GC invocations=45 (full 0):
 garbage-first heap   total 130048K, used 80752K [0x0000000080000000, 0x0000000100000000)
  region size 1024K, 2 young (2048K), 2 survivors (2048K)
 Metaspace       used 73206K, committed 73856K, reserved 1114112K
  class space    used 10407K, committed 10688K, reserved 1048576K
}
Event: 45.104 GC heap before
{Heap before GC invocations=46 (full 0):
 garbage-first heap   total 145408K, used 107376K [0x0000000080000000, 0x0000000100000000)
  region size 1024K, 28 young (28672K), 2 survivors (2048K)
 Metaspace       used 76925K, committed 77568K, reserved 1179648K
  class space    used 10888K, committed 11200K, reserved 1048576K
}
Event: 45.108 GC heap after
{Heap after GC invocations=47 (full 0):
 garbage-first heap   total 145408K, used 81209K [0x0000000080000000, 0x0000000100000000)
  region size 1024K, 2 young (2048K), 2 survivors (2048K)
 Metaspace       used 76925K, committed 77568K, reserved 1179648K
  class space    used 10888K, committed 11200K, reserved 1048576K
}
Event: 45.186 GC heap before
{Heap before GC invocations=47 (full 0):
 garbage-first heap   total 145408K, used 85305K [0x0000000080000000, 0x0000000100000000)
  region size 1024K, 7 young (7168K), 2 survivors (2048K)
 Metaspace       used 77649K, committed 78272K, reserved 1179648K
  class space    used 10992K, committed 11264K, reserved 1048576K
}
Event: 45.195 GC heap after
{Heap after GC invocations=48 (full 0):
 garbage-first heap   total 145408K, used 80915K [0x0000000080000000, 0x0000000100000000)
  region size 1024K, 1 young (1024K), 1 survivors (1024K)
 Metaspace       used 77649K, committed 78272K, reserved 1179648K
  class space    used 10992K, committed 11264K, reserved 1048576K
}

